TN:
SF:bin/eslint.js
FN:45,readStdin
FN:46,(anonymous_1)
FN:52,(anonymous_2)
FN:57,(anonymous_3)
FN:67,getErrorMessage
FN:103,onFatalError
FN:121,main
FNF:7
FNH:7
FNDA:24,readStdin
FNDA:24,(anonymous_1)
FNDA:81,(anonymous_2)
FNDA:24,(anonymous_3)
FNDA:17,getErrorMessage
FNDA:17,onFatalError
FNDA:107,main
DA:13,107
DA:16,107
DA:17,0
DA:46,24
DA:47,24
DA:48,24
DA:50,24
DA:53,81
DA:54,57
DA:57,24
DA:70,17
DA:73,17
DA:74,0
DA:78,17
DA:79,5
DA:80,5
DA:82,5
DA:90,12
DA:91,12
DA:95,0
DA:104,17
DA:106,17
DA:107,17
DA:109,17
DA:121,107
DA:122,107
DA:123,107
DA:126,107
DA:129,0
DA:131,0
DA:133,0
DA:134,0
DA:138,107
LF:33
LH:26
BRDA:16,0,0,0
BRDA:16,0,1,107
BRDA:73,1,0,0
BRDA:73,1,1,17
BRDA:73,2,0,17
BRDA:73,2,1,17
BRDA:78,3,0,5
BRDA:78,3,1,12
BRDA:82,4,0,5
BRDA:82,4,1,0
BRDA:90,5,0,12
BRDA:90,5,1,0
BRDA:126,6,0,0
BRDA:126,6,1,107
BRDA:140,7,0,24
BRDA:140,7,1,83
BRF:16
BRH:11
end_of_record
TN:
SF:conf/config-schema.js
FNF:0
FNH:0
DA:20,31
DA:42,31
DA:93,31
LF:3
LH:3
BRF:0
BRH:0
end_of_record
TN:
SF:conf/default-cli-options.js
FNF:0
FNH:0
DA:8,115
LF:1
LH:1
BRF:0
BRH:0
end_of_record
TN:
SF:conf/eslint-all.js
FNF:0
FNH:0
DA:12,4
DA:18,4
DA:20,4
DA:21,1148
DA:22,1056
DA:31,4
LF:6
LH:6
BRDA:21,0,0,1056
BRDA:21,0,1,92
BRF:2
BRH:2
end_of_record
TN:
SF:conf/eslint-recommended.js
FNF:0
FNH:0
DA:12,119
LF:1
LH:1
BRF:0
BRH:0
end_of_record
TN:
SF:conf/globals.js
FNF:0
FNH:0
DA:12,115
DA:19,115
DA:59,115
DA:64,115
DA:88,115
DA:92,115
DA:99,115
DA:104,115
DA:108,115
DA:116,115
DA:123,115
DA:132,115
LF:12
LH:12
BRF:0
BRH:0
end_of_record
TN:
SF:lib/api.js
FNF:0
FNH:0
DA:12,31
DA:13,31
DA:14,31
DA:15,31
DA:21,31
LF:5
LH:5
BRF:0
BRH:0
end_of_record
TN:
SF:lib/cli.js
FN:52,quietFixPredicate
FN:62,translateOptions
FN:101,(anonymous_2)
FN:105,(anonymous_3)
FN:132,countErrors
FN:151,isDirectory
FN:171,printResults
FN:223,(anonymous_7)
FNF:8
FNH:8
FNDA:124,quietFixPredicate
FNDA:419,translateOptions
FNDA:8,(anonymous_2)
FNDA:24,(anonymous_3)
FNDA:341,countErrors
FNDA:9,isDirectory
FNDA:355,printResults
FNDA:463,(anonymous_7)
DA:18,171
DA:19,171
DA:20,171
DA:21,171
DA:22,171
DA:23,171
DA:24,171
DA:26,171
DA:41,171
DA:42,171
DA:43,171
DA:53,124
DA:89,419
DA:102,8
DA:103,8
DA:106,24
DA:107,8
DA:109,16
DA:111,24
DA:133,341
DA:134,341
DA:135,341
DA:137,341
DA:138,326
DA:139,326
DA:140,326
DA:143,341
DA:152,9
DA:153,9
DA:155,6
DA:156,6
DA:158,0
DA:174,355
DA:175,355
DA:177,8
DA:178,8
DA:181,347
DA:183,347
DA:184,172
DA:185,9
DA:187,9
DA:188,3
DA:189,3
DA:192,6
DA:193,6
DA:194,3
DA:196,3
DA:197,3
DA:200,163
DA:204,341
DA:215,171
DA:224,463
DA:225,111
DA:231,463
DA:232,463
DA:234,8
DA:235,8
DA:238,455
DA:239,455
DA:241,455
DA:242,4
DA:243,4
DA:245,451
DA:246,4
DA:247,4
DA:249,447
DA:250,8
DA:251,8
DA:252,4
DA:254,4
DA:255,4
DA:259,439
DA:260,12
DA:261,4
DA:262,4
DA:264,8
DA:265,4
DA:266,4
DA:269,4
DA:271,4
DA:273,4
DA:274,4
DA:277,427
DA:279,427
DA:280,4
DA:281,4
DA:283,423
DA:284,4
DA:285,4
DA:287,419
DA:288,4
DA:289,4
DA:292,415
DA:295,414
DA:296,36
DA:301,378
DA:304,355
DA:305,22
DA:306,22
DA:309,355
DA:311,355
DA:312,21
DA:313,21
DA:316,355
DA:319,341
DA:322,341
DA:324,341
DA:326,341
DA:327,6
DA:333,341
DA:334,9
DA:337,332
DA:340,14
DA:344,171
LF:114
LH:113
BRDA:92,0,0,419
BRDA:92,0,1,383
BRDA:96,1,0,419
BRDA:96,1,1,395
BRDA:96,1,2,47
BRDA:96,2,0,12
BRDA:96,2,1,35
BRDA:101,3,0,419
BRDA:101,3,1,8
BRDA:105,4,0,419
BRDA:105,4,1,12
BRDA:106,5,0,8
BRDA:106,5,1,16
BRDA:120,6,0,0
BRDA:120,6,1,419
BRDA:155,7,0,6
BRDA:155,7,1,0
BRDA:155,8,0,6
BRDA:155,8,1,3
BRDA:183,9,0,172
BRDA:183,9,1,175
BRDA:184,10,0,9
BRDA:184,10,1,163
BRDA:187,11,0,3
BRDA:187,11,1,6
BRDA:224,12,0,111
BRDA:224,12,1,352
BRDA:241,13,0,4
BRDA:241,13,1,451
BRDA:245,14,0,4
BRDA:245,14,1,447
BRDA:249,15,0,8
BRDA:249,15,1,439
BRDA:259,16,0,12
BRDA:259,16,1,427
BRDA:260,17,0,4
BRDA:260,17,1,8
BRDA:264,18,0,4
BRDA:264,18,1,4
BRDA:277,19,0,44
BRDA:277,19,1,383
BRDA:279,20,0,4
BRDA:279,20,1,423
BRDA:279,21,0,427
BRDA:279,21,1,32
BRDA:283,22,0,4
BRDA:283,22,1,419
BRDA:283,23,0,423
BRDA:283,23,1,40
BRDA:287,24,0,4
BRDA:287,24,1,415
BRDA:287,25,0,419
BRDA:287,25,1,8
BRDA:287,25,2,8
BRDA:295,26,0,36
BRDA:295,26,1,378
BRDA:304,27,0,22
BRDA:304,27,1,333
BRDA:311,28,0,21
BRDA:311,28,1,334
BRDA:316,29,0,341
BRDA:316,29,1,14
BRDA:322,30,0,341
BRDA:322,30,1,12
BRDA:324,31,0,341
BRDA:324,31,1,15
BRDA:326,32,0,6
BRDA:326,32,1,335
BRDA:326,33,0,341
BRDA:326,33,1,245
BRDA:333,34,0,9
BRDA:333,34,1,332
BRDA:337,35,0,93
BRDA:337,35,1,239
BRDA:337,36,0,332
BRDA:337,36,1,245
BRF:76
BRH:74
end_of_record
TN:
SF:lib/options.js
FNF:0
FNH:0
DA:12,111
DA:66,111
LF:2
LH:2
BRF:0
BRH:0
end_of_record
TN:
SF:lib/unsupported-api.js
FNF:0
FNH:0
DA:14,27
DA:20,27
LF:2
LH:2
BRF:0
BRH:0
end_of_record
TN:
SF:lib/cli-engine/cli-engine.js
FN:146,validateFixTypes
FN:160,calculateStatsPerFile
FN:161,(anonymous_2)
FN:192,calculateStatsPerRun
FN:193,(anonymous_4)
FN:224,verifyText
FN:259,(anonymous_6)
FN:293,createIgnoreResult
FN:296,(anonymous_8)
FN:331,getRule
FN:349,shouldMessageBeFixed
FN:364,iterateRuleDeprecationWarnings
FN:407,isErrorMessage
FN:422,getCacheFile
FN:437,getCacheFileForDirectory
FN:492,toBooleanMap
FN:497,(anonymous_16)
FN:517,createConfigDataFromOptions
FN:556,directoryExists
FN:582,(anonymous_19)
FN:618,(anonymous_20)
FN:619,(anonymous_21)
FN:661,(anonymous_22)
FN:663,(anonymous_23)
FN:667,(anonymous_24)
FN:670,(anonymous_25)
FN:684,(anonymous_26)
FN:687,(anonymous_27)
FN:712,(anonymous_28)
FN:713,(anonymous_29)
FN:713,(anonymous_30)
FN:724,(anonymous_31)
FN:731,(anonymous_32)
FN:734,(anonymous_33)
FN:750,(anonymous_34)
FN:861,(anonymous_35)
FN:879,(anonymous_36)
FN:938,(anonymous_37)
FN:957,(anonymous_38)
FN:979,(anonymous_39)
FN:1006,(anonymous_40)
FN:1064,(anonymous_41)
FNF:42
FNH:42
FNDA:58,validateFixTypes
FNDA:2036,calculateStatsPerFile
FNDA:1587,(anonymous_2)
FNDA:1702,calculateStatsPerRun
FNDA:2149,(anonymous_4)
FNDA:2059,verifyText
FNDA:296,(anonymous_6)
FNDA:62,createIgnoreResult
FNDA:366,(anonymous_8)
FNDA:2461,getRule
FNDA:104,shouldMessageBeFixed
FNDA:56,iterateRuleDeprecationWarnings
FNDA:205,isErrorMessage
FNDA:3098,getCacheFile
FNDA:16,getCacheFileForDirectory
FNDA:6196,toBooleanMap
FNDA:24,(anonymous_16)
FNDA:3098,createConfigDataFromOptions
FNDA:129,directoryExists
FNDA:3098,(anonymous_19)
FNDA:187,(anonymous_20)
FNDA:4,(anonymous_21)
FNDA:50,(anonymous_22)
FNDA:104,(anonymous_23)
FNDA:36,(anonymous_24)
FNDA:36,(anonymous_25)
FNDA:66,(anonymous_26)
FNDA:66,(anonymous_27)
FNDA:8,(anonymous_28)
FNDA:20,(anonymous_29)
FNDA:16,(anonymous_30)
FNDA:56,(anonymous_31)
FNDA:56,(anonymous_32)
FNDA:52,(anonymous_33)
FNDA:1621,(anonymous_34)
FNDA:28,(anonymous_35)
FNDA:412,(anonymous_36)
FNDA:28,(anonymous_37)
FNDA:77,(anonymous_38)
FNDA:1042,(anonymous_39)
FNDA:415,(anonymous_40)
FNDA:1795,(anonymous_41)
DA:18,131
DA:19,131
DA:20,131
DA:21,131
DA:33,131
DA:35,131
DA:37,131
DA:38,131
DA:39,131
DA:40,131
DA:41,131
DA:43,131
DA:44,131
DA:137,131
DA:147,58
DA:148,66
DA:149,4
DA:161,2036
DA:162,1587
DA:163,1136
DA:164,1136
DA:165,83
DA:167,1136
DA:168,531
DA:171,451
DA:172,451
DA:173,288
DA:176,1587
DA:193,1702
DA:194,2149
DA:195,2149
DA:196,2149
DA:197,2149
DA:198,2149
DA:199,2149
DA:235,2059
DA:237,2059
DA:244,2059
DA:245,2059
DA:260,296
DA:266,2036
DA:273,2036
DA:274,172
DA:276,2036
DA:280,727
DA:283,2036
DA:295,62
DA:296,366
DA:297,62
DA:299,62
DA:300,16
DA:301,46
DA:302,16
DA:304,30
DA:307,62
DA:332,2461
DA:333,2461
DA:335,2461
DA:336,772
DA:339,1689
DA:350,104
DA:351,0
DA:354,104
DA:356,104
DA:365,56
DA:369,56
DA:372,56
DA:373,53
DA:376,2498
DA:377,0
DA:379,2498
DA:382,2498
DA:383,141
DA:385,2357
DA:388,2357
DA:389,2337
DA:393,20
DA:408,205
DA:428,3098
DA:430,3098
DA:431,3098
DA:438,16
DA:443,3098
DA:444,3098
DA:446,2947
DA:455,3098
DA:462,151
DA:463,15
DA:467,136
DA:477,2947
DA:478,1
DA:481,2946
DA:493,6196
DA:494,0
DA:496,6196
DA:497,24
DA:498,24
DA:500,24
DA:501,24
DA:506,24
DA:509,6172
DA:524,3098
DA:525,3098
DA:526,3098
DA:528,3098
DA:537,2757
DA:539,341
DA:557,129
DA:558,129
DA:560,49
DA:561,49
DA:563,0
DA:583,3098
DA:590,3098
DA:591,0
DA:594,3098
DA:596,3098
DA:597,160
DA:598,320
DA:602,3098
DA:606,3098
DA:618,187
DA:619,4
DA:621,2949
DA:630,2949
DA:631,2949
DA:634,2949
DA:637,2949
DA:650,2949
DA:651,58
DA:654,58
DA:657,54
DA:660,54
DA:661,50
DA:663,104
DA:668,36
DA:670,36
DA:671,36
DA:673,36
DA:674,36
DA:685,66
DA:687,66
DA:688,66
DA:689,66
DA:691,66
DA:692,47
DA:704,66
DA:713,20
DA:714,16
DA:725,56
DA:727,56
DA:728,4
DA:731,56
DA:732,52
DA:734,52
DA:735,52
DA:736,52
DA:740,52
DA:764,1621
DA:765,1621
DA:766,1621
DA:769,1621
DA:772,1621
DA:773,1472
DA:774,1472
DA:776,1446
DA:779,1446
DA:780,0
DA:786,1621
DA:787,1850
DA:788,43
DA:789,43
DA:798,1807
DA:799,1357
DA:803,1807
DA:805,231
DA:807,230
DA:809,77
DA:812,77
DA:813,17
DA:815,60
DA:816,60
DA:817,60
DA:823,1746
DA:835,1721
DA:843,1721
DA:844,170
DA:849,1356
DA:850,134
DA:853,1356
DA:856,1356
DA:862,28
DA:863,28
DA:867,28
DA:891,412
DA:892,412
DA:893,412
DA:894,412
DA:898,412
DA:899,412
DA:900,31
DA:901,19
DA:904,321
DA:914,316
DA:917,316
DA:930,346
DA:933,346
DA:939,28
DA:940,28
DA:944,28
DA:958,77
DA:959,77
DA:961,77
DA:962,8
DA:968,69
DA:984,1042
DA:985,1042
DA:987,1042
DA:988,870
DA:991,771
DA:993,771
DA:996,172
DA:1009,415
DA:1012,415
DA:1015,411
DA:1017,411
DA:1018,411
DA:1019,411
DA:1024,411
DA:1025,52
DA:1027,359
DA:1028,359
DA:1030,359
DA:1032,331
DA:1036,411
DA:1037,411
DA:1039,49
DA:1040,8
DA:1042,41
DA:1044,49
DA:1048,4
DA:1053,131
DA:1054,131
DA:1056,131
DA:1065,1795
LF:245
LH:239
BRDA:148,0,0,4
BRDA:148,0,1,62
BRDA:162,1,0,1136
BRDA:162,1,1,451
BRDA:162,2,0,1587
BRDA:162,2,1,1504
BRDA:164,3,0,83
BRDA:164,3,1,1053
BRDA:167,4,0,531
BRDA:167,4,1,605
BRDA:172,5,0,288
BRDA:172,5,1,163
BRDA:235,6,0,2059
BRDA:235,6,1,200
BRDA:244,7,0,200
BRDA:244,7,1,1859
BRDA:273,8,0,172
BRDA:273,8,1,1864
BRDA:276,9,0,727
BRDA:276,9,1,1309
BRDA:277,10,0,2036
BRDA:277,10,1,828
BRDA:297,11,0,62
BRDA:297,11,1,62
BRDA:299,12,0,16
BRDA:299,12,1,46
BRDA:301,13,0,16
BRDA:301,13,1,30
BRDA:335,14,0,772
BRDA:335,14,1,1689
BRDA:339,15,0,1689
BRDA:339,15,1,4
BRDA:350,16,0,0
BRDA:350,16,1,104
BRDA:354,17,0,104
BRDA:354,17,1,104
BRDA:356,18,0,104
BRDA:356,18,1,104
BRDA:356,18,2,104
BRDA:376,19,0,0
BRDA:376,19,1,2498
BRDA:382,20,0,141
BRDA:382,20,1,2357
BRDA:388,21,0,2337
BRDA:388,21,1,20
BRDA:388,22,0,2357
BRDA:388,22,1,2353
BRDA:388,22,2,2353
BRDA:395,23,0,20
BRDA:395,23,1,0
BRDA:455,24,0,151
BRDA:455,24,1,2947
BRDA:462,25,0,15
BRDA:462,25,1,136
BRDA:462,26,0,151
BRDA:462,26,1,136
BRDA:477,27,0,1
BRDA:477,27,1,2946
BRDA:493,28,0,0
BRDA:493,28,1,6196
BRDA:493,29,0,6196
BRDA:493,29,1,6196
BRDA:496,30,0,24
BRDA:496,30,1,6172
BRDA:496,31,0,6196
BRDA:496,31,1,6196
BRDA:500,32,0,24
BRDA:500,32,1,0
BRDA:501,33,0,24
BRDA:501,33,1,0
BRDA:528,34,0,2757
BRDA:528,34,1,341
BRDA:529,35,0,3098
BRDA:529,35,1,3074
BRDA:529,35,2,3074
BRDA:529,35,3,56
BRDA:529,35,4,3018
BRDA:529,35,5,3006
BRDA:529,35,6,3006
BRDA:529,35,7,2950
BRDA:560,36,0,49
BRDA:560,36,1,0
BRDA:560,37,0,49
BRDA:560,37,1,49
BRDA:560,37,2,2
BRDA:582,38,0,1296
BRDA:590,39,0,0
BRDA:590,39,1,3098
BRDA:596,40,0,160
BRDA:596,40,1,2938
BRDA:603,41,0,3098
BRDA:603,41,1,1364
BRDA:608,42,0,3098
BRDA:608,42,1,3074
BRDA:630,43,0,162
BRDA:630,43,1,2787
BRDA:650,44,0,58
BRDA:650,44,1,2891
BRDA:650,45,0,2949
BRDA:650,45,1,195
BRDA:650,45,2,58
BRDA:660,46,0,0
BRDA:660,46,1,54
BRDA:663,47,0,104
BRDA:663,47,1,50
BRDA:691,48,0,47
BRDA:691,48,1,19
BRDA:727,49,0,4
BRDA:727,49,1,52
BRDA:731,50,0,52
BRDA:731,50,1,44
BRDA:736,51,0,36
BRDA:736,51,1,16
BRDA:772,52,0,1472
BRDA:772,52,1,149
BRDA:776,53,0,1446
BRDA:776,53,1,1446
BRDA:779,54,0,0
BRDA:779,54,1,1446
BRDA:779,55,0,1446
BRDA:779,55,1,0
BRDA:779,56,0,0
BRDA:779,56,1,0
BRDA:787,57,0,43
BRDA:787,57,1,1807
BRDA:798,58,0,1357
BRDA:798,58,1,450
BRDA:803,59,0,231
BRDA:803,59,1,1576
BRDA:807,60,0,77
BRDA:807,60,1,153
BRDA:809,61,0,77
BRDA:809,61,1,77
BRDA:812,62,0,17
BRDA:812,62,1,60
BRDA:812,63,0,77
BRDA:812,63,1,35
BRDA:843,64,0,170
BRDA:843,64,1,1551
BRDA:849,65,0,134
BRDA:849,65,1,1222
BRDA:862,66,0,28
BRDA:862,66,1,0
BRDA:894,67,0,412
BRDA:894,67,1,209
BRDA:899,68,0,31
BRDA:899,68,1,321
BRDA:899,69,0,412
BRDA:899,69,1,209
BRDA:900,70,0,19
BRDA:900,70,1,12
BRDA:905,71,0,321
BRDA:905,71,1,203
BRDA:939,72,0,28
BRDA:939,72,1,0
BRDA:961,73,0,8
BRDA:961,73,1,69
BRDA:987,74,0,870
BRDA:987,74,1,172
BRDA:991,75,0,771
BRDA:991,75,1,0
BRDA:1009,76,0,415
BRDA:1009,76,1,8
BRDA:1012,77,0,411
BRDA:1012,77,1,4
BRDA:1018,78,0,403
BRDA:1018,78,1,8
BRDA:1024,79,0,52
BRDA:1024,79,1,359
BRDA:1024,80,0,411
BRDA:1024,80,1,395
BRDA:1039,81,0,8
BRDA:1039,81,1,41
BRDA:1039,82,0,49
BRDA:1039,82,1,45
BRF:175
BRH:159
end_of_record
TN:
SF:lib/cli-engine/file-enumerator.js
FN:110,isGlobPattern
FN:121,statSafeSync
FN:140,readdirSafeSync
FN:157,createExtensionRegExp
FN:159,(anonymous_4)
FN:182,(anonymous_5)
FN:197,(anonymous_6)
FN:214,(anonymous_7)
FN:218,(anonymous_8)
FN:219,(anonymous_9)
FN:243,(anonymous_10)
FN:276,(anonymous_11)
FN:337,(anonymous_12)
FN:362,(anonymous_13)
FN:380,(anonymous_14)
FN:396,(anonymous_15)
FN:427,(anonymous_16)
FN:511,(anonymous_17)
FNF:18
FNH:18
FNDA:502,isGlobPattern
FNDA:1898,statSafeSync
FNDA:1638,readdirSafeSync
FNDA:3093,createExtensionRegExp
FNDA:486,(anonymous_4)
FNDA:130,(anonymous_5)
FNDA:87,(anonymous_6)
FNDA:3093,(anonymous_7)
FNDA:3,(anonymous_8)
FNDA:3,(anonymous_9)
FNDA:1326,(anonymous_10)
FNDA:1765,(anonymous_11)
FNDA:1882,(anonymous_12)
FNDA:1133,(anonymous_13)
FNDA:239,(anonymous_14)
FNDA:410,(anonymous_15)
FNDA:1638,(anonymous_16)
FNDA:3884,(anonymous_17)
DA:37,115
DA:38,115
DA:39,115
DA:40,115
DA:41,115
DA:42,115
DA:49,115
DA:50,115
DA:56,115
DA:57,115
DA:58,115
DA:59,115
DA:60,115
DA:103,115
DA:111,502
DA:122,1898
DA:123,1898
DA:129,515
DA:141,1638
DA:142,1638
DA:148,12
DA:158,3093
DA:159,486
DA:165,339
DA:170,2754
DA:183,130
DA:184,130
DA:185,130
DA:198,87
DA:199,87
DA:200,87
DA:218,3
DA:219,3
DA:226,3093
DA:247,1326
DA:250,1326
DA:251,308
DA:255,1018
DA:256,545
DA:261,473
DA:267,473
DA:277,1765
DA:278,1765
DA:282,1765
DA:285,1765
DA:287,1765
DA:288,1886
DA:289,1886
DA:292,1886
DA:293,4
DA:297,1882
DA:298,2640
DA:299,2640
DA:300,498
DA:302,2142
DA:305,2142
DA:306,2114
DA:307,2114
DA:316,1796
DA:317,1764
DA:318,130
DA:323,1634
DA:324,87
DA:329,1462
DA:338,1882
DA:339,1882
DA:340,1882
DA:341,1882
DA:343,1882
DA:344,239
DA:346,1643
DA:347,1133
DA:349,510
DA:350,410
DA:353,100
DA:363,1133
DA:365,1133
DA:366,1133
DA:367,1113
DA:368,1081
DA:370,1081
DA:381,239
DA:383,239
DA:397,410
DA:399,410
DA:400,410
DA:406,410
DA:407,410
DA:409,410
DA:411,410
DA:428,1638
DA:429,1638
DA:432,1638
DA:435,1638
DA:436,13371
DA:437,13371
DA:439,13371
DA:440,5
DA:444,13366
DA:445,11566
DA:446,1372
DA:457,11558
DA:465,11558
DA:466,1559
DA:467,1559
DA:469,1559
DA:470,1559
DA:476,9999
DA:480,1800
DA:481,1212
DA:482,252
DA:487,1212
DA:492,1212
DA:493,989
DA:498,1626
DA:520,3884
DA:522,3884
DA:524,3318
DA:530,3318
DA:532,3286
DA:535,566
DA:543,115
LF:122
LH:122
BRDA:111,0,0,0
BRDA:111,0,1,502
BRDA:158,1,0,339
BRDA:158,1,1,2754
BRDA:160,2,0,128
BRDA:160,2,1,358
BRDA:183,3,0,8
BRDA:183,3,1,122
BRDA:214,4,0,0
BRDA:215,5,0,16
BRDA:216,6,0,56
BRDA:221,7,0,144
BRDA:222,8,0,144
BRDA:223,9,0,1444
BRDA:224,10,0,108
BRDA:250,11,0,308
BRDA:250,11,1,1018
BRDA:255,12,0,545
BRDA:255,12,1,473
BRDA:261,13,0,473
BRDA:261,13,1,40
BRDA:278,14,0,1391
BRDA:278,14,1,374
BRDA:292,15,0,4
BRDA:292,15,1,1882
BRDA:299,16,0,498
BRDA:299,16,1,2142
BRDA:305,17,0,2114
BRDA:305,17,1,28
BRDA:316,18,0,1764
BRDA:316,18,1,32
BRDA:317,19,0,130
BRDA:317,19,1,1634
BRDA:320,20,0,130
BRDA:320,20,1,8
BRDA:323,21,0,87
BRDA:323,21,1,1547
BRDA:343,22,0,239
BRDA:343,22,1,1643
BRDA:343,23,0,1882
BRDA:343,23,1,1372
BRDA:346,24,0,1133
BRDA:346,24,1,510
BRDA:346,25,0,1643
BRDA:346,25,1,1133
BRDA:349,26,0,410
BRDA:349,26,1,100
BRDA:349,27,0,510
BRDA:349,27,1,502
BRDA:368,28,0,51
BRDA:368,28,1,1030
BRDA:437,29,0,16
BRDA:437,29,1,13355
BRDA:439,30,0,5
BRDA:439,30,1,13366
BRDA:444,31,0,11566
BRDA:444,31,1,1800
BRDA:445,32,0,1372
BRDA:445,32,1,10194
BRDA:457,33,0,10528
BRDA:457,33,1,1030
BRDA:465,34,0,1559
BRDA:465,34,1,9999
BRDA:467,35,0,498
BRDA:467,35,1,1061
BRDA:469,36,0,498
BRDA:469,36,1,1061
BRDA:480,37,0,1212
BRDA:480,37,1,588
BRDA:480,38,0,1800
BRDA:480,38,1,1212
BRDA:481,39,0,252
BRDA:481,39,1,960
BRDA:492,40,0,989
BRDA:492,40,1,223
BRDA:513,41,0,1113
BRDA:514,42,0,2771
BRDA:522,43,0,3318
BRDA:522,43,1,566
BRDA:524,44,0,3318
BRDA:524,44,1,0
BRDA:530,45,0,3318
BRDA:530,45,1,0
BRDA:535,46,0,566
BRDA:535,46,1,204
BRF:85
BRH:81
end_of_record
TN:
SF:lib/cli-engine/hash.js
FN:27,hash
FNF:1
FNH:1
FNDA:143,hash
DA:12,115
DA:28,143
DA:35,115
LF:3
LH:3
BRF:0
BRH:0
end_of_record
TN:
SF:lib/cli-engine/index.js
FNF:0
FNH:0
DA:3,4
DA:5,4
LF:2
LH:2
BRF:0
BRH:0
end_of_record
TN:
SF:lib/cli-engine/lint-result-cache.js
FN:29,(anonymous_0)
FN:37,isValidCacheStrategy
FN:48,hashOfConfigFor
FN:72,(anonymous_3)
FN:105,(anonymous_4)
FN:154,(anonymous_5)
FN:185,(anonymous_6)
FNF:7
FNH:7
FNDA:254,(anonymous_0)
FNDA:230,isValidCacheStrategy
FNDA:424,hashOfConfigFor
FNDA:238,(anonymous_3)
FNDA:255,(anonymous_4)
FNDA:194,(anonymous_5)
FNDA:138,(anonymous_6)
DA:11,127
DA:12,127
DA:13,127
DA:14,127
DA:15,127
DA:16,127
DA:18,127
DA:24,127
DA:25,127
DA:27,127
DA:28,127
DA:29,254
DA:38,230
DA:49,424
DA:50,157
DA:53,424
DA:73,238
DA:74,234
DA:75,230
DA:80,226
DA:82,226
DA:84,226
DA:88,226
DA:93,226
DA:115,255
DA:116,255
DA:118,255
DA:121,254
DA:122,4
DA:123,4
DA:126,250
DA:127,169
DA:128,169
DA:132,81
DA:136,39
DA:137,39
DA:140,81
DA:155,194
DA:156,21
DA:159,173
DA:161,173
DA:162,169
DA:165,169
DA:172,169
DA:173,72
DA:176,169
DA:177,169
DA:186,138
DA:187,138
DA:191,127
LF:50
LH:50
BRDA:25,0,0,127
BRDA:25,0,1,127
BRDA:49,1,0,157
BRDA:49,1,1,267
BRDA:118,2,0,255
BRDA:118,2,1,95
BRDA:121,3,0,4
BRDA:121,3,1,250
BRDA:126,4,0,169
BRDA:126,4,1,81
BRDA:132,5,0,39
BRDA:132,5,1,42
BRDA:133,6,0,81
BRDA:133,6,1,81
BRDA:155,7,0,21
BRDA:155,7,1,173
BRDA:155,8,0,194
BRDA:155,8,1,194
BRDA:161,9,0,169
BRDA:161,9,1,4
BRDA:161,10,0,173
BRDA:161,10,1,173
BRDA:172,11,0,72
BRDA:172,11,1,97
BRF:24
BRH:24
end_of_record
TN:
SF:lib/cli-engine/load-rules.js
FN:27,(anonymous_0)
FN:37,(anonymous_1)
FNF:2
FNH:2
FNDA:83,(anonymous_0)
FNDA:156,(anonymous_1)
DA:12,115
DA:13,115
DA:15,115
DA:27,115
DA:28,83
DA:31,79
DA:32,45
DA:35,34
DA:37,34
DA:38,156
DA:39,104
DA:41,52
DA:43,28
DA:45,28
LF:14
LH:14
BRDA:31,0,0,45
BRDA:31,0,1,34
BRDA:38,1,0,104
BRDA:38,1,1,52
BRF:4
BRH:4
end_of_record
TN:
SF:lib/cli-engine/xml-escape.js
FN:17,(anonymous_0)
FN:18,(anonymous_1)
FNF:2
FNH:2
FNDA:396,(anonymous_0)
FNDA:212,(anonymous_1)
DA:17,4
DA:18,396
DA:19,212
DA:21,32
DA:23,32
DA:25,12
DA:27,12
DA:29,12
DA:31,112
LF:9
LH:9
BRDA:19,0,0,32
BRDA:19,0,1,32
BRDA:19,0,2,12
BRDA:19,0,3,12
BRDA:19,0,4,12
BRDA:19,0,5,112
BRF:6
BRH:6
end_of_record
TN:
SF:lib/cli-engine/formatters/checkstyle.js
FN:19,getMessageType
FN:31,(anonymous_1)
FN:38,(anonymous_2)
FN:43,(anonymous_3)
FNF:4
FNH:4
FNDA:40,getMessageType
FNDA:36,(anonymous_1)
FNDA:40,(anonymous_2)
FNDA:40,(anonymous_3)
DA:7,4
DA:20,40
DA:21,28
DA:23,12
DA:31,4
DA:33,36
DA:35,36
DA:36,36
DA:38,36
DA:39,40
DA:41,40
DA:43,40
DA:44,40
DA:53,40
DA:57,36
DA:59,36
LF:16
LH:16
BRDA:20,0,0,28
BRDA:20,0,1,12
BRDA:20,1,0,40
BRDA:20,1,1,32
BRDA:45,2,0,40
BRDA:45,2,1,4
BRDA:46,3,0,40
BRDA:46,3,1,4
BRDA:48,4,0,36
BRDA:48,4,1,4
BRDA:49,5,0,36
BRDA:49,5,1,4
BRF:12
BRH:12
end_of_record
TN:
SF:lib/cli-engine/formatters/compact.js
FN:17,getMessageType
FN:30,(anonymous_1)
FN:35,(anonymous_2)
FN:41,(anonymous_3)
FNF:4
FNH:4
FNDA:35,getMessageType
FNDA:34,(anonymous_1)
FNDA:35,(anonymous_2)
FNDA:35,(anonymous_3)
DA:18,35
DA:19,23
DA:21,12
DA:30,4
DA:32,34
DA:33,34
DA:35,34
DA:37,35
DA:39,35
DA:41,35
DA:43,35
DA:44,35
DA:45,35
DA:46,35
DA:47,35
DA:48,35
DA:49,35
DA:55,34
DA:56,27
DA:59,34
LF:20
LH:20
BRDA:18,0,0,23
BRDA:18,0,1,12
BRDA:18,1,0,35
BRDA:18,1,1,27
BRDA:44,2,0,35
BRDA:44,2,1,4
BRDA:45,3,0,35
BRDA:45,3,1,4
BRDA:48,4,0,31
BRDA:48,4,1,4
BRDA:55,5,0,27
BRDA:55,5,1,7
BRDA:56,6,0,8
BRDA:56,6,1,19
BRF:14
BRH:14
end_of_record
TN:
SF:lib/cli-engine/formatters/html.js
FN:11,(anonymous_0)
FN:21,(anonymous_1)
FN:23,(anonymous_2)
FN:33,pageTemplate
FN:163,pluralize
FN:173,renderSummary
FN:189,renderColor
FN:204,messageTemplate
FN:235,renderMessages
FN:242,(anonymous_9)
FN:273,resultTemplate
FN:292,renderResults
FN:293,(anonymous_12)
FN:305,(anonymous_13)
FN:315,(anonymous_14)
FNF:15
FNH:15
FNDA:4,(anonymous_0)
FNDA:156,(anonymous_1)
FNDA:20,(anonymous_2)
FNDA:44,pageTemplate
FNDA:272,pluralize
FNDA:96,renderSummary
FNDA:96,renderColor
FNDA:52,messageTemplate
FNDA:52,renderMessages
FNDA:52,(anonymous_9)
FNDA:52,resultTemplate
FNDA:44,renderResults
FNDA:52,(anonymous_12)
FNDA:44,(anonymous_13)
FNDA:52,(anonymous_14)
DA:11,4
DA:12,4
DA:19,4
DA:21,4
DA:22,156
DA:23,20
DA:34,44
DA:36,44
DA:164,272
DA:174,96
DA:175,96
DA:177,96
DA:178,88
DA:180,96
DA:190,96
DA:191,64
DA:193,32
DA:194,24
DA:196,8
DA:214,52
DA:216,52
DA:242,52
DA:243,52
DA:244,52
DA:247,52
DA:248,48
DA:250,48
DA:251,32
DA:255,52
DA:274,52
DA:276,52
DA:293,52
DA:305,4
DA:309,44
DA:311,44
DA:312,44
DA:315,44
DA:316,52
DA:317,52
DA:320,44
LF:40
LH:40
BRDA:22,0,0,152
BRDA:22,0,1,4
BRDA:23,1,0,20
BRDA:23,1,1,0
BRDA:164,2,0,168
BRDA:164,2,1,104
BRDA:177,3,0,88
BRDA:177,3,1,8
BRDA:190,4,0,64
BRDA:190,4,1,32
BRDA:193,5,0,24
BRDA:193,5,1,8
BRDA:222,6,0,32
BRDA:222,6,1,20
BRDA:222,7,0,48
BRDA:222,7,1,4
BRDA:243,8,0,52
BRDA:243,8,1,4
BRDA:244,9,0,52
BRDA:244,9,1,4
BRDA:247,10,0,48
BRDA:247,10,1,4
BRDA:250,11,0,32
BRDA:250,11,1,16
BRDA:250,12,0,48
BRDA:250,12,1,44
BRDA:250,12,2,44
BRDA:260,13,0,20
BRDA:260,13,1,32
BRDA:309,14,0,40
BRDA:309,14,1,4
BRF:31
BRH:30
end_of_record
TN:
SF:lib/cli-engine/formatters/jslint-xml.js
FN:13,(anonymous_0)
FN:20,(anonymous_1)
FN:25,(anonymous_2)
FNF:3
FNH:3
FNDA:28,(anonymous_0)
FNDA:32,(anonymous_1)
FNDA:36,(anonymous_2)
DA:7,4
DA:13,4
DA:15,28
DA:17,28
DA:18,28
DA:20,28
DA:21,32
DA:23,32
DA:25,32
DA:26,36
DA:34,32
DA:38,28
DA:40,28
LF:13
LH:13
BRDA:29,0,0,36
BRDA:29,0,1,8
BRDA:30,1,0,36
BRDA:30,1,1,4
BRDA:30,2,0,32
BRDA:30,2,1,4
BRF:6
BRH:6
end_of_record
TN:
SF:lib/cli-engine/formatters/json-with-metadata.js
FN:11,(anonymous_0)
FNF:1
FNH:1
FNDA:8,(anonymous_0)
DA:11,4
DA:12,8
LF:2
LH:2
BRF:0
BRH:0
end_of_record
TN:
SF:lib/cli-engine/formatters/json.js
FN:11,(anonymous_0)
FNF:1
FNH:1
FNDA:7,(anonymous_0)
DA:11,7
DA:12,7
LF:2
LH:2
BRF:0
BRH:0
end_of_record
TN:
SF:lib/cli-engine/formatters/junit.js
FN:20,getMessageType
FN:34,pathWithoutExt
FN:42,(anonymous_2)
FN:49,(anonymous_3)
FN:56,(anonymous_4)
FNF:5
FNH:5
FNDA:44,getMessageType
FNDA:48,pathWithoutExt
FNDA:44,(anonymous_2)
FNDA:48,(anonymous_3)
FNDA:44,(anonymous_4)
DA:7,4
DA:8,4
DA:21,44
DA:22,24
DA:24,20
DA:35,48
DA:42,4
DA:44,44
DA:46,44
DA:47,44
DA:49,44
DA:51,48
DA:52,48
DA:54,48
DA:55,40
DA:56,40
DA:57,44
DA:59,44
DA:60,44
DA:61,44
DA:62,44
DA:63,44
DA:64,44
DA:65,44
DA:66,44
DA:67,44
DA:68,44
DA:70,40
DA:72,8
DA:73,8
DA:74,8
DA:79,44
DA:81,44
LF:33
LH:33
BRDA:21,0,0,24
BRDA:21,0,1,20
BRDA:21,1,0,44
BRDA:21,1,1,32
BRDA:54,2,0,40
BRDA:54,2,1,8
BRDA:57,3,0,12
BRDA:57,3,1,32
BRDA:59,4,0,44
BRDA:59,4,1,8
BRDA:60,5,0,44
BRDA:60,5,1,4
BRDA:62,6,0,44
BRDA:62,6,1,8
BRDA:63,7,0,44
BRDA:63,7,1,8
BRDA:64,8,0,44
BRDA:64,8,1,4
BRDA:65,9,0,36
BRDA:65,9,1,8
BRF:20
BRH:20
end_of_record
TN:
SF:lib/cli-engine/formatters/stylish.js
FN:21,pluralize
FN:29,(anonymous_1)
FN:38,(anonymous_2)
FN:53,(anonymous_3)
FN:74,(anonymous_4)
FN:78,(anonymous_5)
FN:78,(anonymous_6)
FNF:7
FNH:7
FNDA:664,pluralize
FNDA:334,(anonymous_1)
FNDA:356,(anonymous_2)
FNDA:535,(anonymous_3)
FNDA:6420,(anonymous_4)
FNDA:535,(anonymous_5)
FNDA:535,(anonymous_6)
DA:7,95
DA:8,95
DA:9,95
DA:22,664
DA:29,95
DA:31,334
DA:32,334
DA:33,334
DA:34,334
DA:35,334
DA:36,334
DA:38,334
DA:39,356
DA:41,356
DA:42,156
DA:45,200
DA:46,200
DA:47,200
DA:48,200
DA:50,200
DA:52,200
DA:56,535
DA:57,290
DA:58,290
DA:60,245
DA:63,535
DA:75,6420
DA:78,535
DA:81,334
DA:83,334
DA:84,174
DA:90,174
DA:91,71
DA:100,334
LF:34
LH:34
BRDA:22,0,0,259
BRDA:22,0,1,405
BRDA:41,1,0,156
BRDA:41,1,1,200
BRDA:56,2,0,290
BRDA:56,2,1,245
BRDA:56,3,0,535
BRDA:56,3,1,496
BRDA:65,4,0,535
BRDA:65,4,1,28
BRDA:66,5,0,535
BRDA:66,5,1,28
BRDA:69,6,0,535
BRDA:69,6,1,59
BRDA:83,7,0,174
BRDA:83,7,1,160
BRDA:90,8,0,71
BRDA:90,8,1,103
BRDA:90,9,0,174
BRDA:90,9,1,136
BRDA:100,10,0,174
BRDA:100,10,1,160
BRF:22
BRH:22
end_of_record
TN:
SF:lib/cli-engine/formatters/tap.js
FN:18,getMessageType
FN:30,outputDiagnostics
FN:43,(anonymous_2)
FN:46,(anonymous_3)
FN:52,(anonymous_4)
FNF:5
FNH:5
FNDA:52,getMessageType
FNDA:36,outputDiagnostics
FNDA:36,(anonymous_2)
FNDA:40,(anonymous_3)
FNDA:52,(anonymous_4)
DA:7,4
DA:19,52
DA:20,20
DA:22,32
DA:31,36
DA:32,36
DA:34,36
DA:35,36
DA:36,36
DA:43,4
DA:44,36
DA:46,36
DA:47,40
DA:48,40
DA:49,40
DA:51,40
DA:52,36
DA:53,52
DA:54,52
DA:65,52
DA:66,20
DA:74,52
DA:75,16
DA:76,8
DA:78,16
DA:80,36
DA:85,40
DA:88,40
DA:89,36
DA:94,36
LF:30
LH:30
BRDA:19,0,0,20
BRDA:19,0,1,32
BRDA:19,1,0,52
BRDA:19,1,1,44
BRDA:51,2,0,36
BRDA:51,2,1,4
BRDA:58,3,0,52
BRDA:58,3,1,4
BRDA:59,4,0,52
BRDA:59,4,1,4
BRDA:60,5,0,52
BRDA:60,5,1,4
BRDA:65,6,0,20
BRDA:65,6,1,32
BRDA:74,7,0,16
BRDA:74,7,1,36
BRDA:75,8,0,8
BRDA:75,8,1,8
BRDA:88,9,0,36
BRDA:88,9,1,4
BRF:20
BRH:20
end_of_record
TN:
SF:lib/cli-engine/formatters/unix.js
FN:16,getMessageType
FN:29,(anonymous_1)
FN:34,(anonymous_2)
FN:40,(anonymous_3)
FNF:4
FNH:4
FNDA:32,getMessageType
FNDA:28,(anonymous_1)
FNDA:32,(anonymous_2)
FNDA:32,(anonymous_3)
DA:17,32
DA:18,20
DA:20,12
DA:29,4
DA:31,28
DA:32,28
DA:34,28
DA:36,32
DA:38,32
DA:40,32
DA:42,32
DA:43,32
DA:44,32
DA:45,32
DA:46,32
DA:47,32
DA:53,28
DA:54,24
DA:57,28
LF:19
LH:19
BRDA:17,0,0,20
BRDA:17,0,1,12
BRDA:17,1,0,32
BRDA:17,1,1,24
BRDA:43,2,0,32
BRDA:43,2,1,4
BRDA:44,3,0,32
BRDA:44,3,1,4
BRDA:46,4,0,28
BRDA:46,4,1,4
BRDA:53,5,0,24
BRDA:53,5,1,4
BRDA:54,6,0,8
BRDA:54,6,1,16
BRF:14
BRH:14
end_of_record
TN:
SF:lib/cli-engine/formatters/visualstudio.js
FN:18,getMessageType
FN:31,(anonymous_1)
FN:36,(anonymous_2)
FN:42,(anonymous_3)
FNF:4
FNH:4
FNDA:32,getMessageType
FNDA:28,(anonymous_1)
FNDA:32,(anonymous_2)
FNDA:32,(anonymous_3)
DA:19,32
DA:20,20
DA:22,12
DA:31,4
DA:33,28
DA:34,28
DA:36,28
DA:38,32
DA:40,32
DA:42,32
DA:44,32
DA:45,32
DA:46,32
DA:47,32
DA:48,32
DA:49,32
DA:50,32
DA:56,28
DA:57,4
DA:59,24
DA:62,28
LF:21
LH:21
BRDA:19,0,0,20
BRDA:19,0,1,12
BRDA:19,1,0,32
BRDA:19,1,1,24
BRDA:45,2,0,32
BRDA:45,2,1,4
BRDA:46,3,0,28
BRDA:46,3,1,4
BRDA:48,4,0,28
BRDA:48,4,1,4
BRDA:56,5,0,4
BRDA:56,5,1,24
BRDA:59,6,0,8
BRDA:59,6,1,16
BRF:14
BRH:14
end_of_record
TN:
SF:lib/config/default-config.js
FN:34,(anonymous_0)
FN:38,(anonymous_1)
FNF:2
FNH:1
FNDA:2944,(anonymous_0)
FNDA:0,(anonymous_1)
DA:12,115
DA:19,115
DA:35,2944
DA:39,0
LF:4
LH:3
BRF:0
BRH:0
end_of_record
TN:
SF:lib/config/flat-config-array.js
FN:30,splitPluginIdentifier
FN:54,(anonymous_1)
FN:75,(anonymous_2)
FN:100,(anonymous_3)
FNF:4
FNH:4
FNDA:3640,splitPluginIdentifier
FNDA:3380,(anonymous_1)
FNDA:12636,(anonymous_2)
FNDA:3968,(anonymous_3)
DA:12,115
DA:13,115
DA:14,115
DA:15,115
DA:16,115
DA:22,115
DA:31,3640
DA:33,3640
DA:55,3380
DA:60,3380
DA:61,2636
DA:63,744
DA:76,12636
DA:77,4
DA:80,12632
DA:87,4
DA:90,12628
DA:102,3968
DA:105,3968
DA:106,3632
DA:108,3632
DA:109,4
DA:112,3628
DA:116,3964
DA:117,8
DA:119,8
DA:120,4
DA:123,4
DA:126,3960
DA:128,3924
DA:134,115
LF:31
LH:31
BRDA:54,0,0,2308
BRDA:54,1,0,2352
BRDA:60,2,0,2636
BRDA:60,2,1,744
BRDA:76,3,0,4
BRDA:76,3,1,12632
BRDA:80,4,0,4
BRDA:80,4,1,12628
BRDA:105,5,0,3632
BRDA:105,5,1,336
BRDA:105,6,0,3968
BRDA:105,6,1,3864
BRDA:105,6,2,3792
BRDA:108,7,0,4
BRDA:108,7,1,3628
BRDA:108,8,0,3632
BRDA:108,8,1,3632
BRDA:108,8,2,3628
BRDA:108,8,3,3628
BRDA:116,9,0,8
BRDA:116,9,1,3956
BRDA:116,10,0,3964
BRDA:116,10,1,16
BRDA:119,11,0,4
BRDA:119,11,1,4
BRDA:119,12,0,8
BRDA:119,12,1,8
BRDA:119,12,2,8
BRDA:119,12,3,4
BRF:29
BRH:29
end_of_record
TN:
SF:lib/config/flat-config-helpers.js
FN:18,parseRuleId
FN:43,getRuleFromConfig
FN:65,getRuleOptionsSchema
FNF:3
FNH:3
FNDA:20140,parseRuleId
FNDA:20116,getRuleFromConfig
FNDA:10224,getRuleOptionsSchema
DA:22,20140
DA:23,17140
DA:24,17140
DA:26,3000
DA:27,3000
DA:30,20140
DA:45,20116
DA:47,20116
DA:48,20116
DA:51,20116
DA:52,3472
DA:57,20116
DA:67,10224
DA:68,0
DA:71,10224
DA:73,10224
DA:74,1004
DA:75,584
DA:82,420
DA:91,9220
DA:99,115
LF:21
LH:20
BRDA:22,0,0,17140
BRDA:22,0,1,3000
BRDA:47,1,0,20116
BRDA:47,1,1,20116
BRDA:48,2,0,20116
BRDA:48,2,1,20112
BRDA:48,2,2,20112
BRDA:51,3,0,3472
BRDA:51,3,1,16644
BRDA:51,4,0,20116
BRDA:51,4,1,20072
BRDA:67,5,0,0
BRDA:67,5,1,10224
BRDA:71,6,0,10224
BRDA:71,6,1,10196
BRDA:71,6,2,2184
BRDA:73,7,0,1004
BRDA:73,7,1,9220
BRDA:74,8,0,584
BRDA:74,8,1,420
BRDA:91,9,0,9220
BRDA:91,9,1,9124
BRF:22
BRH:21
end_of_record
TN:
SF:lib/config/flat-config-schema.js
FN:41,isNonNullObject
FN:50,isUndefined
FN:60,deepMerge
FN:115,normalizeRuleOptions
FN:135,assertIsRuleOptions
FN:148,assertIsRuleSeverity
FN:164,assertIsPluginMemberName
FN:176,assertIsObject
FN:188,assertIsObjectOrString
FN:206,(anonymous_9)
FN:219,(anonymous_10)
FN:244,(anonymous_11)
FN:259,(anonymous_12)
FN:280,(anonymous_13)
FN:305,(anonymous_14)
FN:320,(anonymous_15)
FN:371,(anonymous_16)
FN:414,(anonymous_17)
FN:426,(anonymous_18)
FNF:19
FNH:19
FNDA:14796,isNonNullObject
FNDA:720,isUndefined
FNDA:35628,deepMerge
FNDA:21104,normalizeRuleOptions
FNDA:15792,assertIsRuleOptions
FNDA:15788,assertIsRuleSeverity
FNDA:38568,assertIsPluginMemberName
FNDA:13972,assertIsObject
FNDA:39540,assertIsObjectOrString
FNDA:35524,(anonymous_9)
FNDA:956,(anonymous_10)
FNDA:39540,(anonymous_11)
FNDA:25880,(anonymous_12)
FNDA:18044,(anonymous_13)
FNDA:44,(anonymous_14)
FNDA:16844,(anonymous_15)
FNDA:13016,(anonymous_16)
FNDA:40128,(anonymous_17)
FNDA:40192,(anonymous_18)
DA:24,115
DA:30,115
DA:42,14796
DA:51,720
DA:66,35628
DA:67,20
DA:76,35608
DA:81,35608
DA:84,424
DA:85,0
DA:88,424
DA:89,424
DA:91,424
DA:92,12
DA:93,412
DA:94,400
DA:95,92
DA:99,308
DA:100,308
DA:105,35608
DA:117,21104
DA:121,21104
DA:122,21104
DA:137,15792
DA:138,4
DA:149,15788
DA:153,15788
DA:154,12
DA:165,38568
DA:166,12
DA:177,13972
DA:178,8
DA:189,39540
DA:190,4
DA:199,115
DA:205,115
DA:207,35524
DA:217,115
DA:221,956
DA:223,952
DA:226,1096
DA:227,0
DA:230,1096
DA:231,8
DA:234,1088
DA:235,4
DA:242,115
DA:245,39540
DA:247,39536
DA:248,4
DA:251,39532
DA:252,38544
DA:258,115
DA:260,25880
DA:261,25880
DA:264,25880
DA:267,48836
DA:268,0
DA:271,48836
DA:272,4
DA:275,48832
DA:278,25876
DA:283,18044
DA:284,0
DA:288,18044
DA:291,29112
DA:292,0
DA:295,29112
DA:296,4
DA:303,115
DA:306,44
DA:307,24
DA:308,20
DA:309,20
DA:310,4
DA:313,0
DA:319,115
DA:322,16844
DA:327,16844
DA:330,21056
DA:333,0
DA:334,0
DA:337,21056
DA:344,21056
DA:345,21032
DA:348,24
DA:349,24
DA:356,24
DA:357,16
DA:358,16
DA:368,16844
DA:372,13016
DA:377,13012
DA:385,13012
DA:388,15792
DA:389,0
DA:392,15792
DA:394,15792
DA:396,15792
DA:398,15788
DA:399,5468
DA:401,10320
DA:405,16
DA:406,16
DA:412,115
DA:415,40128
DA:416,40124
DA:419,4
DA:424,115
DA:427,40192
DA:428,8
DA:437,115
LF:112
LH:103
BRDA:42,0,0,14796
BRDA:42,0,1,14068
BRDA:60,1,0,0
BRDA:60,2,0,0
BRDA:66,3,0,20
BRDA:66,3,1,35608
BRDA:84,4,0,0
BRDA:84,4,1,424
BRDA:91,5,0,12
BRDA:91,5,1,412
BRDA:93,6,0,400
BRDA:93,6,1,12
BRDA:94,7,0,92
BRDA:94,7,1,308
BRDA:96,8,0,16
BRDA:96,8,1,76
BRDA:99,9,0,308
BRDA:99,9,1,0
BRDA:117,10,0,10780
BRDA:117,10,1,10324
BRDA:137,11,0,4
BRDA:137,11,1,15788
BRDA:137,12,0,15792
BRDA:137,12,1,7480
BRDA:137,12,2,5472
BRDA:149,13,0,8332
BRDA:149,13,1,7456
BRDA:153,14,0,12
BRDA:153,14,1,15776
BRDA:165,15,0,12
BRDA:165,15,1,38556
BRDA:177,16,0,8
BRDA:177,16,1,13964
BRDA:189,17,0,4
BRDA:189,17,1,39536
BRDA:189,18,0,39540
BRDA:189,18,1,39540
BRDA:189,18,2,38548
BRDA:206,19,0,24960
BRDA:206,20,0,10448
BRDA:226,21,0,0
BRDA:226,21,1,1096
BRDA:230,22,0,8
BRDA:230,22,1,1088
BRDA:234,23,0,4
BRDA:234,23,1,1084
BRDA:247,24,0,4
BRDA:247,24,1,39532
BRDA:247,25,0,39536
BRDA:247,25,1,992
BRDA:247,25,2,12
BRDA:251,26,0,38544
BRDA:251,26,1,988
BRDA:259,27,0,15028
BRDA:259,28,0,7840
BRDA:267,29,0,0
BRDA:267,29,1,48836
BRDA:271,30,0,4
BRDA:271,30,1,48832
BRDA:271,31,0,48836
BRDA:271,31,1,19732
BRDA:271,31,2,4
BRDA:275,32,0,48832
BRDA:275,32,1,19728
BRDA:283,33,0,0
BRDA:283,33,1,18044
BRDA:283,34,0,18044
BRDA:283,34,1,18044
BRDA:291,35,0,0
BRDA:291,35,1,29112
BRDA:295,36,0,4
BRDA:295,36,1,29108
BRDA:295,37,0,29112
BRDA:295,37,1,29112
BRDA:306,38,0,24
BRDA:306,38,1,20
BRDA:308,39,0,20
BRDA:308,39,1,0
BRDA:308,40,0,20
BRDA:308,40,1,20
BRDA:309,41,0,4
BRDA:309,41,1,16
BRDA:309,42,0,20
BRDA:309,42,1,16
BRDA:320,43,0,10128
BRDA:320,44,0,3848
BRDA:330,45,0,0
BRDA:330,45,1,21056
BRDA:344,46,0,21032
BRDA:344,46,1,24
BRDA:344,47,0,21056
BRDA:344,47,1,5304
BRDA:356,48,0,16
BRDA:356,48,1,8
BRDA:388,49,0,0
BRDA:388,49,1,15792
BRDA:398,50,0,5468
BRDA:398,50,1,10320
BRDA:415,51,0,40124
BRDA:415,51,1,4
BRDA:415,52,0,40128
BRDA:415,52,1,39116
BRDA:427,53,0,8
BRDA:427,53,1,40184
BRDA:427,54,0,40192
BRDA:427,54,1,40192
BRF:106
BRH:95
end_of_record
TN:
SF:lib/config/rule-validator.js
FN:33,throwRuleNotFoundError
FN:80,(anonymous_1)
FN:98,(anonymous_2)
FN:148,(anonymous_3)
FNF:4
FNH:4
FNDA:24,throwRuleNotFoundError
FNDA:115,(anonymous_1)
FNDA:3960,(anonymous_2)
FNDA:12,(anonymous_3)
DA:12,115
DA:17,115
DA:18,115
DA:35,24
DA:37,24
DA:38,24
DA:41,24
DA:42,20
DA:44,20
DA:46,4
DA:50,16
DA:53,16
DA:54,28
DA:55,4
DA:56,4
DA:65,24
DA:87,115
DA:100,3960
DA:101,564
DA:104,3396
DA:107,10432
DA:108,0
DA:120,10432
DA:121,44
DA:124,10388
DA:126,10388
DA:127,24
DA:131,10364
DA:132,9496
DA:134,9496
DA:135,1080
DA:139,10364
DA:141,10364
DA:143,1948
DA:145,1948
DA:146,12
DA:148,12
DA:157,115
LF:38
LH:37
BRDA:35,0,0,16
BRDA:35,0,1,8
BRDA:41,1,0,20
BRDA:41,1,1,4
BRDA:41,2,0,24
BRDA:41,2,1,24
BRDA:44,3,0,4
BRDA:44,3,1,16
BRDA:44,4,0,20
BRDA:44,4,1,16
BRDA:54,5,0,4
BRDA:54,5,1,24
BRDA:54,6,0,28
BRDA:54,6,1,28
BRDA:100,7,0,564
BRDA:100,7,1,3396
BRDA:107,8,0,0
BRDA:107,8,1,10432
BRDA:120,9,0,44
BRDA:120,9,1,10388
BRDA:126,10,0,24
BRDA:126,10,1,10364
BRDA:131,11,0,9496
BRDA:131,11,1,868
BRDA:134,12,0,1080
BRDA:134,12,1,8416
BRDA:141,13,0,1948
BRDA:141,13,1,8416
BRDA:145,14,0,12
BRDA:145,14,1,1936
BRF:30
BRH:29
end_of_record
TN:
SF:lib/eslint/eslint.js
FN:102,isNonEmptyString
FN:111,isArrayOfNonEmptyString
FN:120,isFixType
FN:129,isFixTypeArray
FN:137,(anonymous_4)
FN:150,processOptions
FN:311,hasDefinedProperty
FN:327,createRulesMeta
FN:328,(anonymous_8)
FN:343,getOrFindUsedDeprecatedRules
FN:384,processCLIEngineLintReport
FN:388,(anonymous_11)
FN:406,compareResultsByFilePath
FN:427,(anonymous_13)
FN:463,(anonymous_14)
FN:472,(anonymous_15)
FN:479,(anonymous_16)
FN:488,(anonymous_17)
FN:497,(anonymous_18)
FN:506,(anonymous_19)
FN:542,(anonymous_20)
FN:562,(anonymous_21)
FN:611,(anonymous_22)
FN:630,(anonymous_23)
FN:636,(anonymous_24)
FN:639,(anonymous_25)
FN:658,(anonymous_26)
FN:672,(anonymous_27)
FN:694,(anonymous_28)
FNF:29
FNH:28
FNDA:11434,isNonEmptyString
FNDA:4287,isArrayOfNonEmptyString
FNDA:44,isFixType
FNDA:40,isFixTypeArray
FNDA:16,(anonymous_4)
FNDA:1746,processOptions
FNDA:1649,hasDefinedProperty
FNDA:24,createRulesMeta
FNDA:1176,(anonymous_8)
FNDA:134,getOrFindUsedDeprecatedRules
FNDA:1011,processCLIEngineLintReport
FNDA:134,(anonymous_11)
FNDA:29,compareResultsByFilePath
FNDA:1746,(anonymous_13)
FNDA:4,(anonymous_14)
FNDA:26,(anonymous_15)
FNDA:34,(anonymous_16)
FNDA:26,(anonymous_17)
FNDA:35,(anonymous_18)
FNDA:20,(anonymous_19)
FNDA:971,(anonymous_20)
FNDA:256,(anonymous_21)
FNDA:355,(anonymous_22)
FNDA:297,(anonymous_23)
FNDA:6,(anonymous_24)
FNDA:4,(anonymous_25)
FNDA:54,(anonymous_26)
FNDA:402,(anonymous_27)
FNDA:0,(anonymous_28)
DA:13,131
DA:14,131
DA:15,131
DA:16,131
DA:17,131
DA:24,131
DA:25,131
DA:89,131
DA:95,131
DA:103,11434
DA:112,4287
DA:121,44
DA:130,40
DA:138,16
DA:139,16
DA:140,16
DA:173,1746
DA:174,1746
DA:176,1746
DA:177,4
DA:178,4
DA:179,4
DA:181,4
DA:182,4
DA:184,4
DA:185,4
DA:187,4
DA:188,4
DA:190,4
DA:191,4
DA:193,4
DA:194,4
DA:196,4
DA:197,4
DA:199,4
DA:200,4
DA:203,1746
DA:204,4
DA:206,1746
DA:207,4
DA:209,1746
DA:210,4
DA:212,1746
DA:213,4
DA:215,1746
DA:219,0
DA:221,1746
DA:222,4
DA:224,1746
DA:225,4
DA:227,1746
DA:228,4
DA:230,1746
DA:231,4
DA:233,1746
DA:234,8
DA:236,1746
DA:237,4
DA:239,1746
DA:240,4
DA:242,1746
DA:243,4
DA:245,1746
DA:246,4
DA:248,1746
DA:249,4
DA:251,1746
DA:252,4
DA:253,1742
DA:254,4
DA:256,1746
DA:257,4
DA:259,1746
DA:265,4
DA:267,1746
DA:271,4
DA:273,1746
DA:274,4
DA:276,1746
DA:277,4
DA:280,1746
DA:281,16
DA:284,1730
DA:312,1649
DA:313,717
DA:314,2735
DA:315,452
DA:319,1197
DA:328,24
DA:329,1176
DA:330,1176
DA:335,131
DA:347,134
DA:348,134
DA:351,134
DA:352,134
DA:355,134
DA:356,113
DA:357,113
DA:359,113
DA:360,8583
DA:361,443
DA:363,8140
DA:364,8140
DA:366,8140
DA:367,20
DA:371,113
DA:374,134
DA:385,1011
DA:389,134
DA:393,1011
DA:394,1226
DA:397,1011
DA:407,29
DA:408,4
DA:411,25
DA:412,25
DA:415,0
DA:428,1746
DA:429,1730
DA:433,1649
DA:434,1649
DA:441,1649
DA:442,452
DA:443,452
DA:447,1649
DA:448,452
DA:449,452
DA:453,1649
DA:464,4
DA:473,26
DA:474,4
DA:477,22
DA:480,34
DA:481,4
DA:483,30
DA:488,26
DA:498,35
DA:508,20
DA:512,20
DA:513,16
DA:514,24
DA:516,16
DA:517,4
DA:523,20
DA:524,20
DA:525,20
DA:527,20
DA:528,5896
DA:529,28
DA:533,20
DA:543,971
DA:544,8
DA:546,963
DA:548,963
DA:563,256
DA:564,4
DA:566,252
DA:567,4
DA:573,248
DA:575,248
DA:577,248
DA:578,4
DA:581,244
DA:582,4
DA:584,240
DA:585,4
DA:588,236
DA:590,236
DA:612,355
DA:613,4
DA:616,351
DA:617,351
DA:619,329
DA:620,0
DA:623,329
DA:631,297
DA:633,297
DA:635,297
DA:637,6
DA:640,4
DA:641,4
DA:644,4
DA:659,54
DA:660,4
DA:662,50
DA:664,50
DA:673,402
DA:674,4
DA:676,398
DA:678,398
DA:686,131
DA:695,0
LF:193
LH:189
BRDA:103,0,0,11434
BRDA:103,0,1,5763
BRDA:112,1,0,4287
BRDA:112,1,1,2715
BRDA:121,2,0,44
BRDA:121,2,1,44
BRDA:121,2,2,40
BRDA:121,2,3,32
BRDA:130,3,0,40
BRDA:130,3,1,40
BRDA:151,4,0,1367
BRDA:152,5,0,1726
BRDA:153,6,0,1306
BRDA:154,7,0,1317
BRDA:155,8,0,1367
BRDA:156,9,0,667
BRDA:157,10,0,1375
BRDA:158,11,0,1560
BRDA:159,12,0,1628
BRDA:160,13,0,1706
BRDA:161,14,0,1738
BRDA:162,15,0,1143
BRDA:163,16,0,1600
BRDA:164,17,0,1018
BRDA:165,18,0,1530
BRDA:166,19,0,1646
BRDA:167,20,0,1730
BRDA:168,21,0,1734
BRDA:169,22,0,1702
BRDA:170,23,0,950
BRDA:176,24,0,4
BRDA:176,24,1,1742
BRDA:178,25,0,4
BRDA:178,25,1,0
BRDA:181,26,0,4
BRDA:181,26,1,0
BRDA:184,27,0,4
BRDA:184,27,1,0
BRDA:187,28,0,4
BRDA:187,28,1,0
BRDA:190,29,0,4
BRDA:190,29,1,0
BRDA:193,30,0,4
BRDA:193,30,1,0
BRDA:196,31,0,4
BRDA:196,31,1,0
BRDA:199,32,0,4
BRDA:199,32,1,0
BRDA:203,33,0,4
BRDA:203,33,1,1742
BRDA:206,34,0,4
BRDA:206,34,1,1742
BRDA:209,35,0,4
BRDA:209,35,1,1742
BRDA:212,36,0,4
BRDA:212,36,1,1742
BRDA:215,37,0,0
BRDA:215,37,1,1746
BRDA:216,38,0,1746
BRDA:216,38,1,8
BRDA:221,39,0,4
BRDA:221,39,1,1742
BRDA:221,40,0,1746
BRDA:221,40,1,1746
BRDA:224,41,0,4
BRDA:224,41,1,1742
BRDA:227,42,0,4
BRDA:227,42,1,1742
BRDA:227,43,0,1746
BRDA:227,43,1,1564
BRDA:230,44,0,4
BRDA:230,44,1,1742
BRDA:230,45,0,1746
BRDA:230,45,1,8
BRDA:233,46,0,8
BRDA:233,46,1,1738
BRDA:233,47,0,1746
BRDA:233,47,1,40
BRDA:236,48,0,4
BRDA:236,48,1,1742
BRDA:239,49,0,4
BRDA:239,49,1,1742
BRDA:242,50,0,4
BRDA:242,50,1,1742
BRDA:242,51,0,1746
BRDA:242,51,1,1604
BRDA:245,52,0,4
BRDA:245,52,1,1742
BRDA:248,53,0,4
BRDA:248,53,1,1742
BRDA:248,54,0,1746
BRDA:248,54,1,1534
BRDA:251,55,0,4
BRDA:251,55,1,1742
BRDA:253,56,0,4
BRDA:253,56,1,1738
BRDA:253,57,0,1742
BRDA:253,57,1,1742
BRDA:256,58,0,4
BRDA:256,58,1,1742
BRDA:259,59,0,4
BRDA:259,59,1,1742
BRDA:260,60,0,1746
BRDA:260,60,1,1738
BRDA:260,60,2,1738
BRDA:260,60,3,1734
BRDA:267,61,0,4
BRDA:267,61,1,1742
BRDA:268,62,0,1746
BRDA:268,62,1,1738
BRDA:273,63,0,4
BRDA:273,63,1,1742
BRDA:276,64,0,4
BRDA:276,64,1,1742
BRDA:280,65,0,16
BRDA:280,65,1,1730
BRDA:312,66,0,717
BRDA:312,66,1,932
BRDA:312,67,0,1649
BRDA:312,67,1,717
BRDA:314,68,0,452
BRDA:314,68,1,2283
BRDA:348,69,0,87
BRDA:348,69,1,47
BRDA:355,70,0,113
BRDA:355,70,1,21
BRDA:360,71,0,443
BRDA:360,71,1,8140
BRDA:363,72,0,8140
BRDA:363,72,1,5496
BRDA:364,73,0,8140
BRDA:364,73,1,8136
BRDA:366,74,0,20
BRDA:366,74,1,8120
BRDA:366,75,0,8140
BRDA:366,75,1,8136
BRDA:367,76,0,20
BRDA:367,76,1,0
BRDA:407,77,0,4
BRDA:407,77,1,25
BRDA:411,78,0,25
BRDA:411,78,1,0
BRDA:427,79,0,88
BRDA:441,80,0,452
BRDA:441,80,1,1197
BRDA:447,81,0,452
BRDA:447,81,1,1197
BRDA:473,82,0,4
BRDA:473,82,1,22
BRDA:480,83,0,4
BRDA:480,83,1,30
BRDA:480,84,0,34
BRDA:480,84,1,34
BRDA:484,85,0,30
BRDA:484,85,1,26
BRDA:528,86,0,28
BRDA:528,86,1,5868
BRDA:543,87,0,8
BRDA:543,87,1,963
BRDA:543,88,0,971
BRDA:543,88,1,795
BRDA:562,89,0,94
BRDA:563,90,0,4
BRDA:563,90,1,252
BRDA:566,91,0,4
BRDA:566,91,1,248
BRDA:571,92,0,198
BRDA:573,93,0,248
BRDA:573,93,1,0
BRDA:577,94,0,4
BRDA:577,94,1,244
BRDA:581,95,0,4
BRDA:581,95,1,240
BRDA:581,96,0,244
BRDA:581,96,1,118
BRDA:584,97,0,4
BRDA:584,97,1,236
BRDA:611,98,0,4
BRDA:612,99,0,4
BRDA:612,99,1,351
BRDA:619,100,0,0
BRDA:619,100,1,329
BRDA:640,101,0,4
BRDA:640,101,1,0
BRDA:659,102,0,4
BRDA:659,102,1,50
BRDA:673,103,0,4
BRDA:673,103,1,398
BRF:188
BRH:174
end_of_record
TN:
SF:lib/eslint/index.js
FNF:0
FNH:0
DA:3,119
DA:5,119
LF:2
LH:2
BRF:0
BRH:0
end_of_record
TN:
SF:lib/linter/apply-disable-directives.js
FN:17,compareLocations
FN:26,groupByParentComment
FN:48,createIndividualDirectivesRemoval
FN:77,(anonymous_3)
FN:152,createCommentRemoval
FN:154,(anonymous_5)
FN:154,(anonymous_6)
FN:173,processUnusedDisableDirectives
FN:177,(anonymous_8)
FN:202,applyDirectives
FN:232,(anonymous_10)
FN:249,(anonymous_11)
FN:254,(anonymous_12)
FN:293,(anonymous_13)
FN:295,(anonymous_14)
FN:296,(anonymous_15)
FN:299,(anonymous_16)
FNF:17
FNH:17
FNDA:3400628,compareLocations
FNDA:298906,groupByParentComment
FNDA:890,createIndividualDirectivesRemoval
FNDA:7748,(anonymous_3)
FNDA:3950,createCommentRemoval
FNDA:364862,(anonymous_5)
FNDA:364670,(anonymous_6)
FNDA:298906,processUnusedDisableDirectives
FNDA:4840,(anonymous_8)
FNDA:298906,applyDirectives
FNDA:3018,(anonymous_10)
FNDA:749416,(anonymous_11)
FNDA:11698,(anonymous_12)
FNDA:149457,(anonymous_13)
FNDA:375728,(anonymous_14)
FNDA:2032,(anonymous_15)
FNDA:375728,(anonymous_16)
DA:8,115
DA:18,3400628
DA:27,298906
DA:29,298906
DA:30,372610
DA:32,372610
DA:33,367770
DA:35,4840
DA:39,298906
DA:54,890
DA:57,890
DA:66,890
DA:77,890
DA:78,7748
DA:80,7748
DA:81,7748
DA:82,7748
DA:83,7748
DA:84,7748
DA:86,7748
DA:87,7748
DA:91,7748
DA:105,7024
DA:106,7024
DA:128,724
DA:129,724
DA:132,7748
DA:153,3950
DA:154,364862
DA:156,3950
DA:174,298906
DA:176,298906
DA:178,4840
DA:179,4840
DA:181,4840
DA:182,372610
DA:185,4840
DA:203,298906
DA:204,298906
DA:206,298906
DA:207,148606
DA:208,148606
DA:210,148606
DA:214,48570
DA:216,48570
DA:217,3866
DA:219,3438
DA:220,3438
DA:223,428
DA:224,428
DA:231,148606
DA:232,3018
DA:237,2990
DA:238,32
DA:240,2958
DA:241,2958
DA:245,148606
DA:248,298906
DA:249,749416
DA:251,298906
DA:253,298906
DA:255,11698
DA:257,11698
DA:270,298906
DA:293,115
DA:294,149457
DA:295,375728
DA:296,2032
DA:299,149457
DA:300,375728
DA:303,2032
DA:306,373296
DA:312,396
DA:318,4
DA:322,149453
DA:328,149453
DA:335,149453
LF:77
LH:77
BRDA:18,0,0,3400628
BRDA:18,0,1,2608142
BRDA:32,1,0,367770
BRDA:32,1,1,4840
BRDA:91,2,0,7024
BRDA:91,2,1,724
BRDA:157,3,0,476
BRDA:157,3,1,3474
BRDA:185,4,0,890
BRDA:185,4,1,3950
BRDA:211,5,0,197176
BRDA:211,5,1,52860
BRDA:216,6,0,3866
BRDA:216,6,1,44704
BRDA:216,7,0,48570
BRDA:216,7,1,48118
BRDA:217,8,0,3438
BRDA:217,8,1,428
BRDA:231,9,0,2990
BRDA:231,9,1,145616
BRDA:237,10,0,32
BRDA:237,10,1,2958
BRDA:249,11,0,749416
BRDA:249,11,1,375464
BRDA:259,12,0,11506
BRDA:259,12,1,192
BRDA:262,13,0,144
BRDA:262,13,1,11554
BRDA:263,14,0,144
BRDA:263,14,1,11554
BRDA:264,15,0,976
BRDA:264,15,1,10722
BRDA:266,16,0,4
BRDA:266,16,1,11694
BRDA:293,17,0,136
BRDA:295,18,0,375728
BRDA:295,18,1,373956
BRDA:300,19,0,1772
BRDA:300,19,1,2032
BRDA:300,19,2,373296
BRDA:300,19,3,396
BRDA:300,19,4,4
BRDA:335,20,0,1959
BRDA:335,20,1,147494
BRF:44
BRH:44
end_of_record
TN:
SF:lib/linter/config-comment-parser.js
FN:39,(anonymous_0)
FN:47,(anonymous_1)
FN:66,(anonymous_2)
FN:129,(anonymous_3)
FN:135,(anonymous_4)
FNF:5
FNH:5
FNDA:929,(anonymous_0)
FNDA:2093,(anonymous_1)
FNDA:1067,(anonymous_2)
FNDA:6289,(anonymous_3)
FNDA:379149,(anonymous_4)
DA:13,115
DA:18,115
DA:20,115
DA:30,115
DA:40,929
DA:42,929
DA:45,929
DA:47,929
DA:48,2093
DA:49,937
DA:53,1156
DA:55,1156
DA:57,929
DA:67,1067
DA:69,1067
DA:72,1067
DA:73,1067
DA:79,1067
DA:80,1015
DA:87,0
DA:96,52
DA:97,52
DA:99,52
DA:100,52
DA:102,24
DA:104,24
DA:118,28
DA:130,6289
DA:132,6289
DA:135,6289
DA:136,379149
DA:138,379149
DA:139,378617
DA:142,6289
LF:34
LH:33
BRDA:48,0,0,937
BRDA:48,0,1,1156
BRDA:53,1,0,617
BRDA:73,2,0,1067
BRDA:73,2,1,0
BRDA:79,3,0,1015
BRDA:79,3,1,52
BRDA:138,4,0,378617
BRDA:138,4,1,532
BRF:9
BRH:8
end_of_record
TN:
SF:lib/linter/index.js
FNF:0
FNH:0
DA:3,115
DA:4,115
DA:5,115
DA:7,115
LF:4
LH:4
BRF:0
BRH:0
end_of_record
TN:
SF:lib/linter/interpolate.js
FN:12,(anonymous_0)
FN:18,(anonymous_1)
FNF:2
FNH:2
FNDA:104310,(anonymous_0)
FNDA:96013,(anonymous_1)
DA:12,115
DA:13,104310
DA:14,40605
DA:18,63705
DA:19,96013
DA:21,96013
DA:22,95997
DA:26,16
LF:8
LH:8
BRDA:13,0,0,40605
BRDA:13,0,1,63705
BRDA:21,1,0,95997
BRDA:21,1,1,16
BRF:4
BRH:4
end_of_record
TN:
SF:lib/linter/linter.js
FN:141,isEspree
FN:150,getGlobalsForEcmaVersion
FN:177,addDeclaredGlobals
FN:211,(anonymous_3)
FN:224,(anonymous_4)
FN:250,createMissingRuleMessage
FN:266,createLintingProblem
FN:297,createDisableDirectives
FN:343,extractDirectiveComment
FN:366,getDirectiveComments
FN:376,(anonymous_10)
FN:376,(anonymous_11)
FN:466,(anonymous_12)
FN:516,normalizeEcmaVersion
FN:537,normalizeEcmaVersionForLanguageOptions
FN:570,findEslintEnv
FN:599,normalizeFilename
FN:613,normalizeVerifyOptions
FN:653,resolveParserOptions
FN:656,(anonymous_19)
FN:657,(anonymous_20)
FN:683,createLanguageOptions
FN:705,resolveGlobals
FN:708,(anonymous_23)
FN:708,(anonymous_24)
FN:718,stripUnicodeBOM
FN:736,getRuleOptions
FN:751,analyzeScope
FN:778,parse
FN:779,(anonymous_29)
FN:862,getScope
FN:889,markVariableAsUsed
FN:902,(anonymous_32)
FN:920,createRuleListeners
FN:935,getAncestors
FN:971,(anonymous_35)
FN:973,(anonymous_36)
FN:995,runRules
FN:1001,(anonymous_38)
FN:1005,(anonymous_39)
FN:1020,(anonymous_40)
FN:1022,(anonymous_41)
FN:1023,(anonymous_42)
FN:1024,(anonymous_43)
FN:1025,(anonymous_44)
FN:1026,(anonymous_45)
FN:1027,(anonymous_46)
FN:1041,(anonymous_47)
FN:1064,(anonymous_48)
FN:1111,addRuleErrorHandler
FN:1112,ruleErrorHandler
FN:1123,(anonymous_51)
FN:1140,(anonymous_52)
FN:1163,ensureText
FN:1180,getEnv
FN:1194,getRule
FN:1206,normalizeCwd
FN:1231,assertEslintrcConfig
FN:1256,(anonymous_58)
FN:1275,(anonymous_59)
FN:1287,(anonymous_60)
FN:1330,(anonymous_61)
FN:1331,(anonymous_62)
FN:1332,(anonymous_63)
FN:1374,(anonymous_64)
FN:1392,(anonymous_65)
FN:1427,(anonymous_66)
FN:1441,(anonymous_67)
FN:1498,(anonymous_68)
FN:1503,(anonymous_69)
FN:1504,(anonymous_70)
FN:1507,(anonymous_71)
FN:1509,(anonymous_72)
FN:1555,(anonymous_73)
FN:1636,(anonymous_74)
FN:1656,(anonymous_75)
FN:1692,(anonymous_76)
FN:1704,(anonymous_77)
FN:1741,(anonymous_78)
FN:1781,(anonymous_79)
FN:1786,(anonymous_80)
FN:1788,(anonymous_81)
FN:1791,(anonymous_82)
FN:1793,(anonymous_83)
FN:1837,(anonymous_84)
FN:1859,(anonymous_85)
FN:1867,(anonymous_86)
FN:1877,(anonymous_87)
FN:1887,(anonymous_88)
FN:1889,(anonymous_89)
FN:1898,(anonymous_90)
FN:1902,(anonymous_91)
FN:1917,(anonymous_92)
FN:1931,(anonymous_93)
FN:2001,(anonymous_94)
FNF:95
FNH:92
FNDA:149995,isEspree
FNDA:3208,getGlobalsForEcmaVersion
FNDA:149508,addDeclaredGlobals
FNDA:111,(anonymous_3)
FNDA:220052,(anonymous_4)
FNDA:231,createMissingRuleMessage
FNDA:371,createLintingProblem
FNDA:6144,createDisableDirectives
FNDA:39601,extractDirectiveComment
FNDA:149448,getDirectiveComments
FNDA:39723,(anonymous_10)
FNDA:39468,(anonymous_11)
FNDA:1047,(anonymous_12)
FNDA:146787,normalizeEcmaVersion
FNDA:149995,normalizeEcmaVersionForLanguageOptions
FNDA:146691,findEslintEnv
FNDA:150300,normalizeFilename
FNDA:149999,normalizeVerifyOptions
FNDA:146787,resolveParserOptions
FNDA:149117,(anonymous_19)
FNDA:1830,(anonymous_20)
FNDA:146787,createLanguageOptions
FNDA:146787,resolveGlobals
FNDA:149117,(anonymous_23)
FNDA:149117,(anonymous_24)
FNDA:149943,stripUnicodeBOM
FNDA:348761,getRuleOptions
FNDA:149444,analyzeScope
FNDA:149943,parse
FNDA:255,(anonymous_29)
FNDA:115323,getScope
FNDA:84,markVariableAsUsed
FNDA:560,(anonymous_32)
FNDA:348761,createRuleListeners
FNDA:43241,getAncestors
FNDA:2300,(anonymous_35)
FNDA:184,(anonymous_36)
FNDA:149508,runRules
FNDA:1890201,(anonymous_38)
FNDA:1890201,(anonymous_39)
FNDA:43241,(anonymous_40)
FNDA:24,(anonymous_41)
FNDA:2673,(anonymous_42)
FNDA:104,(anonymous_43)
FNDA:115239,(anonymous_44)
FNDA:203127,(anonymous_45)
FNDA:84,(anonymous_46)
FNDA:352068,(anonymous_47)
FNDA:73770,(anonymous_48)
FNDA:1713374,addRuleErrorHandler
FNDA:7969301,ruleErrorHandler
FNDA:1713374,(anonymous_51)
FNDA:3719858,(anonymous_52)
FNDA:301,ensureText
FNDA:149125,getEnv
FNDA:718215,getRule
FNDA:8985,normalizeCwd
FNDA:230096,assertEslintrcConfig
FNDA:8985,(anonymous_58)
FNDA:8,(anonymous_59)
FNDA:146791,(anonymous_60)
FNDA:149145,(anonymous_61)
FNDA:149125,(anonymous_62)
FNDA:149125,(anonymous_63)
FNDA:377123,(anonymous_64)
FNDA:341092,(anonymous_65)
FNDA:17855,(anonymous_66)
FNDA:149839,(anonymous_67)
FNDA:40,(anonymous_68)
FNDA:0,(anonymous_69)
FNDA:20,(anonymous_70)
FNDA:16,(anonymous_71)
FNDA:96,(anonymous_72)
FNDA:3208,(anonymous_73)
FNDA:1908,(anonymous_74)
FNDA:7820,(anonymous_75)
FNDA:2140,(anonymous_76)
FNDA:2481,(anonymous_77)
FNDA:3176,(anonymous_78)
FNDA:261,(anonymous_79)
FNDA:0,(anonymous_80)
FNDA:20,(anonymous_81)
FNDA:12,(anonymous_82)
FNDA:469,(anonymous_83)
FNDA:149504,(anonymous_84)
FNDA:1208,(anonymous_85)
FNDA:3652,(anonymous_86)
FNDA:117196,(anonymous_87)
FNDA:2660,(anonymous_88)
FNDA:2476,(anonymous_89)
FNDA:136,(anonymous_90)
FNDA:132,(anonymous_91)
FNDA:110104,(anonymous_92)
FNDA:8755,(anonymous_93)
FNDA:0,(anonymous_94)
DA:14,115
DA:15,115
DA:16,115
DA:17,115
DA:18,115
DA:19,115
DA:20,115
DA:27,115
DA:28,115
DA:29,115
DA:30,115
DA:31,115
DA:32,115
DA:33,115
DA:34,115
DA:35,115
DA:36,115
DA:37,115
DA:38,115
DA:39,115
DA:40,115
DA:41,115
DA:43,115
DA:44,115
DA:45,115
DA:46,115
DA:47,115
DA:48,115
DA:49,115
DA:50,115
DA:142,149995
DA:152,3208
DA:154,20
DA:157,96
DA:160,3092
DA:161,0
DA:164,3092
DA:180,149508
DA:186,6153804
DA:187,6153804
DA:188,6153804
DA:189,6153804
DA:191,6153804
DA:192,128
DA:195,6153676
DA:197,6153676
DA:198,6151079
DA:200,6151079
DA:201,6151079
DA:204,6153676
DA:205,6153676
DA:206,6153676
DA:207,6153676
DA:211,149508
DA:212,111
DA:214,111
DA:215,67
DA:224,149508
DA:225,220052
DA:226,220052
DA:228,220052
DA:234,61572
DA:235,61572
DA:237,61572
DA:240,158480
DA:251,231
DA:272,371
DA:274,371
DA:298,6144
DA:299,6144
DA:300,6144
DA:301,6144
DA:306,6144
DA:308,6144
DA:311,378260
DA:312,378224
DA:313,360
DA:322,377864
DA:332,36
DA:335,6144
DA:344,39601
DA:346,39601
DA:347,39230
DA:350,371
DA:351,371
DA:353,371
DA:367,149448
DA:368,149448
DA:369,149448
DA:370,149448
DA:371,149448
DA:372,149448
DA:376,149448
DA:377,39468
DA:379,39468
DA:381,39468
DA:382,31107
DA:384,8361
DA:385,8361
DA:387,8361
DA:388,20
DA:391,8341
DA:392,100
DA:394,100
DA:400,100
DA:403,8241
DA:404,16
DA:406,16
DA:411,16
DA:414,8225
DA:416,8225
DA:421,6144
DA:422,6144
DA:423,6144
DA:425,6144
DA:426,6144
DA:427,6144
DA:431,115
DA:432,115
DA:436,794
DA:439,1013
DA:440,1013
DA:442,8
DA:447,8
DA:450,1005
DA:451,8
DA:452,8
DA:454,997
DA:460,794
DA:463,1043
DA:465,1043
DA:466,1019
DA:467,1047
DA:468,1047
DA:470,1047
DA:471,44
DA:472,44
DA:475,1003
DA:476,1003
DA:478,16
DA:485,16
DA:488,987
DA:491,24
DA:494,1043
DA:501,149448
DA:518,146787
DA:519,146107
DA:520,100
DA:528,146687
DA:539,149995
DA:541,64
DA:546,58378
DA:549,91553
DA:550,88957
DA:560,2596
DA:563,115
DA:573,146691
DA:575,146691
DA:576,133
DA:577,133
DA:584,146691
DA:600,150300
DA:601,150300
DA:603,150300
DA:615,149999
DA:618,149999
DA:619,149999
DA:620,149999
DA:624,149999
DA:626,149999
DA:627,24
DA:629,149999
DA:630,149939
DA:635,149999
DA:655,146787
DA:656,149117
DA:657,1830
DA:658,146787
DA:659,146787
DA:661,146787
DA:667,13075
DA:670,146787
DA:672,146787
DA:688,146787
DA:690,146787
DA:706,146787
DA:708,149117
DA:725,149943
DA:726,44
DA:728,149899
DA:737,348761
DA:738,124097
DA:740,224664
DA:752,149444
DA:753,149444
DA:754,149444
DA:756,149444
DA:779,149943
DA:780,149943
DA:781,149943
DA:802,149943
DA:803,149943
DA:804,149943
DA:808,149456
DA:809,149456
DA:810,149456
DA:811,149456
DA:813,149456
DA:814,149456
DA:816,149456
DA:818,149456
DA:838,487
DA:840,487
DA:842,487
DA:865,115323
DA:867,115323
DA:868,330538
DA:870,330538
DA:871,115323
DA:872,0
DA:874,115323
DA:878,0
DA:890,84
DA:891,84
DA:893,84
DA:895,84
DA:896,84
DA:899,84
DA:901,84
DA:902,560
DA:904,96
DA:905,76
DA:906,76
DA:910,8
DA:921,348761
DA:922,348761
DA:924,11
DA:925,11
DA:936,43241
DA:938,43241
DA:939,89144
DA:942,43241
DA:946,115
DA:969,115
DA:972,2300
DA:974,184
DA:996,149508
DA:997,149508
DA:998,149508
DA:1000,149508
DA:1002,1890201
DA:1003,1890201
DA:1006,1890201
DA:1016,149508
DA:1020,43241
DA:1022,24
DA:1023,2673
DA:1024,104
DA:1025,115239
DA:1026,203127
DA:1027,84
DA:1039,149508
DA:1041,149508
DA:1042,352068
DA:1045,352068
DA:1046,3156
DA:1049,348912
DA:1051,348912
DA:1052,151
DA:1053,151
DA:1056,348761
DA:1057,348761
DA:1058,348761
DA:1076,73770
DA:1077,61627
DA:1085,73770
DA:1087,73762
DA:1088,40
DA:1090,73722
DA:1091,24
DA:1094,8
DA:1096,16
DA:1098,73698
DA:1104,348761
DA:1112,1713374
DA:1113,7969301
DA:1114,7969301
DA:1116,292
DA:1117,292
DA:1123,348750
DA:1124,1713374
DA:1128,1713374
DA:1136,149497
DA:1140,149489
DA:1141,3719858
DA:1143,3719858
DA:1144,3719858
DA:1145,1860255
DA:1147,1859603
DA:1150,292
DA:1151,292
DA:1155,149197
DA:1164,301
DA:1165,16
DA:1166,16
DA:1168,16
DA:1171,285
DA:1181,149125
DA:1195,718215
DA:1207,8985
DA:1208,2957
DA:1210,6028
DA:1211,6028
DA:1216,0
DA:1223,115
DA:1232,230096
DA:1234,230096
DA:1235,16
DA:1257,8985
DA:1267,8985
DA:1276,8
DA:1288,146791
DA:1289,146791
DA:1290,146791
DA:1294,146791
DA:1295,146759
DA:1296,146759
DA:1298,32
DA:1299,32
DA:1303,146791
DA:1304,146791
DA:1306,146791
DA:1307,27
DA:1308,27
DA:1309,146764
DA:1310,134028
DA:1311,4
DA:1320,134024
DA:1321,134024
DA:1325,146787
DA:1328,146787
DA:1329,146787
DA:1330,149145
DA:1331,149125
DA:1332,149125
DA:1334,146787
DA:1335,146787
DA:1336,146787
DA:1337,146787
DA:1343,146787
DA:1344,146755
DA:1350,146755
DA:1351,327
DA:1354,146428
DA:1361,32
DA:1362,12
DA:1372,146460
DA:1373,146460
DA:1374,377123
DA:1378,146460
DA:1384,146460
DA:1388,146460
DA:1389,146460
DA:1392,341092
DA:1402,203
DA:1403,203
DA:1404,203
DA:1405,203
DA:1406,184
DA:1408,184
DA:1409,184
DA:1411,203
DA:1412,203
DA:1413,203
DA:1415,203
DA:1416,184
DA:1419,203
DA:1422,146257
DA:1427,17855
DA:1442,149839
DA:1444,149839
DA:1446,149839
DA:1450,149839
DA:1451,149799
DA:1460,3172
DA:1462,3172
DA:1463,2308
DA:1464,2308
DA:1467,3172
DA:1470,146627
DA:1471,2269
DA:1484,144398
DA:1485,36
DA:1487,144362
DA:1499,40
DA:1500,40
DA:1501,40
DA:1502,40
DA:1503,40
DA:1504,40
DA:1506,40
DA:1507,16
DA:1508,40
DA:1509,40
DA:1510,96
DA:1513,96
DA:1514,80
DA:1517,16
DA:1518,16
DA:1521,16
DA:1522,0
DA:1523,0
DA:1527,16
DA:1528,4
DA:1529,4
DA:1537,12
DA:1544,40
DA:1556,3208
DA:1557,3208
DA:1558,3208
DA:1562,3208
DA:1563,3188
DA:1564,3188
DA:1566,20
DA:1567,20
DA:1570,3208
DA:1572,3208
DA:1577,3208
DA:1584,3208
DA:1585,3076
DA:1587,3076
DA:1589,3076
DA:1591,3076
DA:1596,4
DA:1601,3208
DA:1603,3208
DA:1604,3188
DA:1610,3188
DA:1611,160
DA:1614,3028
DA:1621,20
DA:1622,0
DA:1632,3048
DA:1633,3048
DA:1636,1908
DA:1642,3048
DA:1648,3048
DA:1652,3048
DA:1653,3048
DA:1656,7820
DA:1666,108
DA:1667,108
DA:1668,108
DA:1669,108
DA:1670,108
DA:1672,108
DA:1673,108
DA:1675,108
DA:1678,108
DA:1680,108
DA:1681,108
DA:1684,108
DA:1687,2940
DA:1692,2140
DA:1705,2481
DA:1708,2481
DA:1711,2481
DA:1713,2477
DA:1717,2477
DA:1718,225
DA:1719,225
DA:1720,225
DA:1722,225
DA:1729,2252
DA:1742,3176
DA:1745,3176
DA:1748,3176
DA:1749,3176
DA:1752,3156
DA:1753,4
DA:1754,4
DA:1755,4
DA:1757,4
DA:1766,3152
DA:1767,36
DA:1770,3116
DA:1782,261
DA:1783,261
DA:1784,261
DA:1785,261
DA:1786,261
DA:1788,261
DA:1790,261
DA:1791,12
DA:1792,261
DA:1793,261
DA:1794,469
DA:1797,469
DA:1798,161
DA:1801,308
DA:1802,308
DA:1805,308
DA:1806,80
DA:1807,80
DA:1811,228
DA:1812,212
DA:1813,212
DA:1821,16
DA:1828,261
DA:1838,149504
DA:1839,149504
DA:1840,149504
DA:1842,149504
DA:1843,75586
DA:1844,2814
DA:1846,72772
DA:1850,149504
DA:1852,149504
DA:1860,1208
DA:1868,3652
DA:1878,117196
DA:1879,117192
DA:1888,2660
DA:1889,2656
DA:1890,2476
DA:1899,136
DA:1900,132
DA:1902,132
DA:1903,132
DA:1905,132
DA:1906,0
DA:1918,110104
DA:1919,110100
DA:1932,8755
DA:1934,8755
DA:1935,8755
DA:1936,8755
DA:1937,8755
DA:1938,8755
DA:1949,8755
DA:1950,9979
DA:1952,9979
DA:1953,9979
DA:1955,9940
DA:1956,9940
DA:1962,9940
DA:1963,131
DA:1967,9809
DA:1970,9809
DA:1981,8716
DA:1982,8
DA:1986,8716
DA:1987,8716
DA:1989,8716
DA:1993,115
DA:2002,0
LF:556
LH:547
BRDA:142,0,0,149995
BRDA:142,0,1,134940
BRDA:152,1,0,20
BRDA:152,1,1,96
BRDA:152,1,2,3092
BRDA:160,2,0,0
BRDA:160,2,1,3092
BRDA:186,3,0,805
BRDA:186,3,1,6152999
BRDA:187,4,0,6153804
BRDA:187,4,1,1417
BRDA:188,5,0,6153804
BRDA:188,5,1,6152807
BRDA:189,6,0,6153804
BRDA:189,6,1,1417
BRDA:191,7,0,128
BRDA:191,7,1,6153676
BRDA:197,8,0,6151079
BRDA:197,8,1,2597
BRDA:214,9,0,67
BRDA:214,9,1,44
BRDA:228,10,0,61572
BRDA:228,10,1,158480
BRDA:251,11,0,8
BRDA:251,11,1,223
BRDA:268,12,0,0
BRDA:269,13,0,151
BRDA:270,14,0,231
BRDA:271,15,0,271
BRDA:300,16,0,5868
BRDA:300,16,1,276
BRDA:311,17,0,378224
BRDA:311,17,1,36
BRDA:311,18,0,378260
BRDA:311,18,1,377984
BRDA:312,19,0,360
BRDA:312,19,1,377864
BRDA:346,20,0,39230
BRDA:346,20,1,371
BRDA:381,21,0,31107
BRDA:381,21,1,8361
BRDA:387,22,0,20
BRDA:387,22,1,8341
BRDA:387,23,0,8361
BRDA:387,23,1,4924
BRDA:391,24,0,100
BRDA:391,24,1,8241
BRDA:392,25,0,84
BRDA:392,25,1,16
BRDA:403,26,0,16
BRDA:403,26,1,8225
BRDA:403,27,0,8241
BRDA:403,27,1,4760
BRDA:416,28,0,888
BRDA:416,28,1,1080
BRDA:416,28,2,1400
BRDA:416,28,3,6144
BRDA:416,28,4,115
BRDA:416,28,5,212
BRDA:416,28,6,794
BRDA:416,28,7,1043
BRDA:450,29,0,8
BRDA:450,29,1,997
BRDA:465,30,0,1019
BRDA:465,30,1,24
BRDA:470,31,0,44
BRDA:470,31,1,1003
BRDA:518,32,0,146107
BRDA:518,32,1,680
BRDA:519,33,0,100
BRDA:519,33,1,146007
BRDA:528,34,0,44995
BRDA:528,34,1,101692
BRDA:539,35,0,64
BRDA:539,35,1,172
BRDA:539,35,2,58378
BRDA:539,35,3,91553
BRDA:549,36,0,88957
BRDA:549,36,1,2596
BRDA:550,37,0,224
BRDA:550,37,1,88733
BRDA:576,38,0,133
BRDA:576,38,1,0
BRDA:578,39,0,133
BRDA:578,39,1,129
BRDA:603,40,0,150082
BRDA:603,40,1,218
BRDA:615,41,0,149999
BRDA:615,41,1,149119
BRDA:620,42,0,16
BRDA:620,42,1,149983
BRDA:626,43,0,24
BRDA:626,43,1,149975
BRDA:627,44,0,24
BRDA:627,44,1,0
BRDA:629,45,0,149939
BRDA:629,45,1,60
BRDA:631,46,0,1799
BRDA:631,46,1,148140
BRDA:636,47,0,149999
BRDA:636,47,1,145958
BRDA:638,48,0,100
BRDA:638,48,1,149899
BRDA:638,49,0,149999
BRDA:638,49,1,108
BRDA:658,50,0,146787
BRDA:658,50,1,0
BRDA:661,51,0,13075
BRDA:661,51,1,133712
BRDA:725,52,0,44
BRDA:725,52,1,149899
BRDA:737,53,0,124097
BRDA:737,53,1,224664
BRDA:753,54,0,149444
BRDA:753,54,1,121826
BRDA:754,55,0,149444
BRDA:754,55,1,0
BRDA:760,56,0,149444
BRDA:760,56,1,0
BRDA:761,57,0,149444
BRDA:761,57,1,131139
BRDA:762,58,0,149444
BRDA:762,58,1,12
BRDA:804,59,0,176
BRDA:804,59,1,149767
BRDA:810,60,0,149456
BRDA:810,60,1,149336
BRDA:811,61,0,149456
BRDA:811,61,1,149408
BRDA:814,62,0,149456
BRDA:814,62,1,149432
BRDA:870,63,0,115323
BRDA:870,63,1,215215
BRDA:871,64,0,0
BRDA:871,64,1,115323
BRDA:893,65,0,84
BRDA:893,65,1,16
BRDA:893,65,2,72
BRDA:895,66,0,84
BRDA:895,66,1,68
BRDA:899,67,0,20
BRDA:899,67,1,64
BRDA:899,68,0,84
BRDA:899,68,1,36
BRDA:904,69,0,76
BRDA:904,69,1,20
BRDA:1024,70,0,104
BRDA:1024,70,1,80
BRDA:1045,71,0,3156
BRDA:1045,71,1,348912
BRDA:1051,72,0,151
BRDA:1051,72,1,348761
BRDA:1056,73,0,348761
BRDA:1056,73,1,200344
BRDA:1076,74,0,61627
BRDA:1076,74,1,12143
BRDA:1087,75,0,40
BRDA:1087,75,1,73722
BRDA:1087,76,0,73762
BRDA:1087,76,1,34615
BRDA:1087,77,0,34615
BRDA:1087,77,1,34583
BRDA:1090,78,0,24
BRDA:1090,78,1,73698
BRDA:1090,79,0,73722
BRDA:1090,79,1,1472
BRDA:1090,80,0,1472
BRDA:1090,80,1,1464
BRDA:1091,81,0,8
BRDA:1091,81,1,16
BRDA:1091,82,0,24
BRDA:1091,82,1,16
BRDA:1091,82,2,16
BRDA:1124,83,0,0
BRDA:1124,83,1,1713374
BRDA:1136,84,0,149489
BRDA:1136,84,1,8
BRDA:1144,85,0,1860255
BRDA:1144,85,1,1859603
BRDA:1164,86,0,16
BRDA:1164,86,1,285
BRDA:1166,87,0,8
BRDA:1166,87,1,8
BRDA:1182,88,0,149125
BRDA:1182,88,1,2495
BRDA:1182,88,2,149125
BRDA:1182,88,3,8
BRDA:1196,89,0,718215
BRDA:1196,89,1,42517
BRDA:1196,89,2,705696
BRDA:1207,90,0,2957
BRDA:1207,90,1,6028
BRDA:1210,91,0,6028
BRDA:1210,91,1,0
BRDA:1234,92,0,16
BRDA:1234,92,1,230080
BRDA:1256,93,0,3680
BRDA:1289,94,0,146791
BRDA:1289,94,1,40
BRDA:1294,95,0,146759
BRDA:1294,95,1,32
BRDA:1306,96,0,27
BRDA:1306,96,1,146764
BRDA:1306,97,0,146791
BRDA:1306,97,1,2337
BRDA:1309,98,0,134028
BRDA:1309,98,1,12736
BRDA:1310,99,0,4
BRDA:1310,99,1,134024
BRDA:1325,100,0,146691
BRDA:1325,100,1,96
BRDA:1325,101,0,146787
BRDA:1325,101,1,146751
BRDA:1334,102,0,146787
BRDA:1334,102,1,55908
BRDA:1335,103,0,146787
BRDA:1335,103,1,143510
BRDA:1336,104,0,146787
BRDA:1336,104,1,144438
BRDA:1343,105,0,146755
BRDA:1343,105,1,32
BRDA:1350,106,0,327
BRDA:1350,106,1,146428
BRDA:1361,107,0,12
BRDA:1361,107,1,20
BRDA:1373,108,0,146424
BRDA:1373,108,1,36
BRDA:1405,109,0,184
BRDA:1405,109,1,19
BRDA:1415,110,0,184
BRDA:1415,110,1,19
BRDA:1427,111,0,17855
BRDA:1427,111,1,9994
BRDA:1446,112,0,1528
BRDA:1446,112,1,148311
BRDA:1448,113,0,148311
BRDA:1448,113,1,139980
BRDA:1450,114,0,149799
BRDA:1450,114,1,40
BRDA:1451,115,0,3172
BRDA:1451,115,1,146627
BRDA:1462,116,0,2308
BRDA:1462,116,1,864
BRDA:1462,117,0,3172
BRDA:1462,117,1,868
BRDA:1470,118,0,2269
BRDA:1470,118,1,144358
BRDA:1484,119,0,36
BRDA:1484,119,1,144362
BRDA:1484,120,0,144398
BRDA:1484,120,1,144362
BRDA:1499,121,0,40
BRDA:1499,121,1,12
BRDA:1501,122,0,40
BRDA:1501,122,1,40
BRDA:1503,123,0,40
BRDA:1503,123,1,0
BRDA:1504,124,0,40
BRDA:1504,124,1,20
BRDA:1506,125,0,40
BRDA:1506,125,1,40
BRDA:1510,126,0,96
BRDA:1510,126,1,80
BRDA:1513,127,0,80
BRDA:1513,127,1,16
BRDA:1521,128,0,0
BRDA:1521,128,1,16
BRDA:1527,129,0,4
BRDA:1527,129,1,12
BRDA:1527,130,0,16
BRDA:1527,130,1,4
BRDA:1527,130,2,0
BRDA:1557,131,0,3208
BRDA:1557,131,1,0
BRDA:1562,132,0,3188
BRDA:1562,132,1,20
BRDA:1579,133,0,24
BRDA:1579,133,1,3184
BRDA:1584,134,0,3076
BRDA:1584,134,1,132
BRDA:1587,135,0,3076
BRDA:1587,135,1,0
BRDA:1591,136,0,4
BRDA:1591,136,1,3072
BRDA:1592,137,0,3076
BRDA:1592,137,1,2688
BRDA:1592,137,2,44
BRDA:1601,138,0,3208
BRDA:1601,138,1,3192
BRDA:1603,139,0,3188
BRDA:1603,139,1,20
BRDA:1610,140,0,160
BRDA:1610,140,1,3028
BRDA:1621,141,0,0
BRDA:1621,141,1,20
BRDA:1633,142,0,3024
BRDA:1633,142,1,24
BRDA:1669,143,0,108
BRDA:1669,143,1,0
BRDA:1680,144,0,108
BRDA:1680,144,1,0
BRDA:1692,145,0,2140
BRDA:1692,145,1,1784
BRDA:1713,146,0,2477
BRDA:1713,146,1,225
BRDA:1717,147,0,225
BRDA:1717,147,1,2252
BRDA:1720,148,0,225
BRDA:1720,148,1,221
BRDA:1741,149,0,4
BRDA:1745,150,0,3176
BRDA:1745,150,1,2456
BRDA:1752,151,0,4
BRDA:1752,151,1,3152
BRDA:1755,152,0,4
BRDA:1755,152,1,4
BRDA:1766,153,0,36
BRDA:1766,153,1,3116
BRDA:1766,154,0,3152
BRDA:1766,154,1,3148
BRDA:1766,154,2,3112
BRDA:1782,155,0,261
BRDA:1782,155,1,16
BRDA:1784,156,0,261
BRDA:1784,156,1,193
BRDA:1786,157,0,261
BRDA:1786,157,1,0
BRDA:1788,158,0,261
BRDA:1788,158,1,20
BRDA:1790,159,0,261
BRDA:1790,159,1,36
BRDA:1794,160,0,469
BRDA:1794,160,1,161
BRDA:1797,161,0,161
BRDA:1797,161,1,308
BRDA:1805,162,0,80
BRDA:1805,162,1,228
BRDA:1811,163,0,212
BRDA:1811,163,1,16
BRDA:1811,164,0,228
BRDA:1811,164,1,216
BRDA:1811,164,2,4
BRDA:1843,165,0,2814
BRDA:1843,165,1,72772
BRDA:1905,166,0,0
BRDA:1905,166,1,132
BRDA:1937,167,0,8755
BRDA:1937,167,1,7859
BRDA:1937,167,2,6688
BRDA:1938,168,0,2067
BRDA:1938,168,1,6688
BRDA:1938,169,0,8755
BRDA:1938,169,1,7859
BRDA:1973,170,0,9809
BRDA:1973,170,1,1232
BRDA:1962,171,0,131
BRDA:1962,171,1,9809
BRDA:1962,172,0,9940
BRDA:1962,172,1,1078
BRDA:1967,173,0,9809
BRDA:1967,173,1,8657
BRDA:1981,174,0,8
BRDA:1981,174,1,8708
BRF:363
BRH:343
end_of_record
TN:
SF:lib/linter/node-event-generator.js
FN:39,union
FN:48,intersection
FN:56,(anonymous_2)
FN:66,getPossibleTypes
FN:81,(anonymous_4)
FN:119,countClassAttributes
FN:130,(anonymous_6)
FN:148,countIdentifiers
FN:159,(anonymous_8)
FN:179,compareSpecificity
FN:191,tryParseSelector
FN:209,parseSelector
FN:255,(anonymous_12)
FN:264,(anonymous_13)
FN:270,(anonymous_14)
FN:285,(anonymous_15)
FN:286,(anonymous_16)
FN:295,(anonymous_17)
FN:307,(anonymous_18)
FN:336,(anonymous_19)
FN:348,(anonymous_20)
FNF:21
FNH:20
FNDA:488,union
FNDA:633,intersection
FNDA:0,(anonymous_2)
FNDA:12360,getPossibleTypes
FNDA:5800,(anonymous_4)
FNDA:14539,countClassAttributes
FNDA:9092,(anonymous_6)
FNDA:14539,countIdentifiers
FNDA:9092,(anonymous_8)
FNDA:3447640,compareSpecificity
FNDA:4089,tryParseSelector
FNDA:1507844,parseSelector
FNDA:149601,(anonymous_12)
FNDA:1507844,(anonymous_13)
FNDA:1599365,(anonymous_14)
FNDA:1356970,(anonymous_15)
FNDA:220463,(anonymous_16)
FNDA:6739255,(anonymous_17)
FNDA:3720902,(anonymous_18)
FNDA:1860779,(anonymous_19)
FNDA:1860123,(anonymous_20)
DA:12,115
DA:40,488
DA:49,633
DA:50,0
DA:53,633
DA:55,633
DA:56,0
DA:58,633
DA:67,12360
DA:69,4708
DA:72,672
DA:74,672
DA:75,488
DA:77,184
DA:81,5800
DA:84,1034
DA:85,401
DA:92,633
DA:99,514
DA:102,50
DA:103,27
DA:106,23
DA:109,5382
DA:120,14539
DA:125,685
DA:130,9092
DA:136,6217
DA:139,5528
DA:149,14539
DA:154,685
DA:159,9092
DA:162,5326
DA:165,6419
DA:180,3447640
DA:192,4089
DA:193,4089
DA:195,12
DA:196,12
DA:198,0
DA:202,115
DA:210,1507844
DA:211,1503755
DA:214,4089
DA:216,4077
DA:225,4077
DA:226,4077
DA:256,149601
DA:257,149601
DA:258,149601
DA:259,149601
DA:260,149601
DA:261,149601
DA:262,149601
DA:264,149601
DA:265,1507844
DA:267,1507832
DA:268,1481510
DA:270,1481510
DA:271,1599365
DA:272,1577433
DA:274,1599365
DA:276,1481510
DA:278,26322
DA:280,26322
DA:283,149589
DA:284,149589
DA:285,1356970
DA:286,220463
DA:296,6739255
DA:297,1826925
DA:308,3720902
DA:309,3720902
DA:315,3720902
DA:316,3720902
DA:318,3720902
DA:319,6739255
DA:324,5279430
DA:326,1459825
DA:337,1860779
DA:338,1711206
DA:340,1860779
DA:349,1860123
DA:350,1860123
DA:354,115
LF:84
LH:81
BRDA:49,0,0,0
BRDA:49,0,1,633
BRDA:67,1,0,4708
BRDA:67,1,1,672
BRDA:67,1,2,1034
BRDA:67,1,3,494
BRDA:67,1,4,502
BRDA:67,1,5,510
BRDA:67,1,6,514
BRDA:67,1,7,50
BRDA:67,1,8,5382
BRDA:74,2,0,488
BRDA:74,2,1,184
BRDA:84,3,0,401
BRDA:84,3,1,633
BRDA:102,4,0,27
BRDA:102,4,1,23
BRDA:120,5,0,665
BRDA:120,5,1,673
BRDA:120,5,2,681
BRDA:120,5,3,685
BRDA:120,5,4,1271
BRDA:120,5,5,1347
BRDA:120,5,6,2109
BRDA:120,5,7,5694
BRDA:120,5,8,6209
BRDA:120,5,9,6217
BRDA:120,5,10,6217
BRDA:120,5,11,5528
BRDA:149,6,0,665
BRDA:149,6,1,673
BRDA:149,6,2,681
BRDA:149,6,3,685
BRDA:149,6,4,1271
BRDA:149,6,5,1347
BRDA:149,6,6,2109
BRDA:149,6,7,5326
BRDA:149,6,8,6419
BRDA:180,7,0,3447640
BRDA:180,7,1,880034
BRDA:180,7,2,291990
BRDA:182,8,0,242688
BRDA:182,8,1,49302
BRDA:195,9,0,12
BRDA:195,9,1,0
BRDA:195,10,0,12
BRDA:195,10,1,12
BRDA:195,10,2,12
BRDA:210,11,0,1503755
BRDA:210,11,1,4089
BRDA:267,12,0,1481510
BRDA:267,12,1,26322
BRDA:268,13,0,220636
BRDA:268,13,1,1260874
BRDA:271,14,0,1577433
BRDA:271,14,1,21932
BRDA:278,15,0,13042
BRDA:278,15,1,13280
BRDA:296,16,0,1826925
BRDA:296,16,1,4912330
BRDA:308,17,0,3720902
BRDA:308,17,1,2908779
BRDA:308,18,0,1860123
BRDA:308,18,1,1860779
BRDA:309,19,0,1860123
BRDA:309,19,1,1860779
BRDA:318,20,0,10459865
BRDA:318,20,1,6450736
BRDA:319,21,0,5279430
BRDA:319,21,1,1459825
BRDA:320,22,0,6739255
BRDA:320,22,1,4009129
BRDA:320,22,2,3403730
BRDA:337,23,0,1711206
BRDA:337,23,1,149573
BRF:75
BRH:73
end_of_record
TN:
SF:lib/linter/report-translator.js
FN:59,normalizeMultiArgReportCall
FN:94,assertValidNodeInfo
FN:108,normalizeReportLoc
FN:123,assertValidFix
FN:136,compareFixesByRange
FN:146,mergeFixes
FN:187,normalizeFixes
FN:211,mapSuggestions
FN:217,(anonymous_8)
FN:228,(anonymous_9)
FN:244,createProblem
FN:284,validateSuggestions
FN:286,(anonymous_12)
FN:320,createReportTranslator
FN:328,(anonymous_14)
FNF:15
FNH:15
FNDA:74038,normalizeMultiArgReportCall
FNDA:74038,assertValidNodeInfo
FNDA:73994,normalizeReportLoc
FNDA:43205,assertValidFix
FNDA:7000,compareFixesByRange
FNDA:2548,mergeFixes
FNDA:76132,normalizeFixes
FNDA:73816,mapSuggestions
FNDA:2252,(anonymous_8)
FNDA:2252,(anonymous_9)
FNDA:73930,createProblem
FNDA:74010,validateSuggestions
FNDA:2268,(anonymous_12)
FNDA:61843,createReportTranslator
FNDA:74038,(anonymous_14)
DA:12,115
DA:13,115
DA:14,115
DA:62,74038
DA:65,73548
DA:69,490
DA:70,470
DA:79,20
DA:95,74038
DA:96,65690
DA:98,8348
DA:109,73994
DA:110,32915
DA:111,27484
DA:113,5431
DA:115,41079
DA:124,43205
DA:125,41175
DA:137,7000
DA:147,2548
DA:148,6700
DA:151,2520
DA:152,120
DA:154,2400
DA:155,328
DA:158,2072
DA:160,2072
DA:161,2072
DA:162,2072
DA:163,2072
DA:164,2072
DA:166,2072
DA:167,6316
DA:169,6312
DA:170,6308
DA:172,6312
DA:173,6312
DA:175,2068
DA:177,2068
DA:188,76132
DA:189,37079
DA:193,39053
DA:196,39053
DA:197,2548
DA:200,36505
DA:201,36473
DA:212,73816
DA:213,72176
DA:216,1640
DA:218,2252
DA:220,2252
DA:228,2252
DA:245,73930
DA:258,73930
DA:259,67601
DA:262,73930
DA:263,68139
DA:264,68139
DA:267,73930
DA:268,34655
DA:271,73930
DA:272,1500
DA:275,73930
DA:285,74010
DA:286,1656
DA:287,2268
DA:288,2036
DA:290,2036
DA:291,0
DA:294,2036
DA:295,4
DA:298,2032
DA:299,4
DA:301,232
DA:302,4
DA:305,2256
DA:306,4
DA:320,115
DA:328,61843
DA:329,74038
DA:330,74038
DA:332,74038
DA:336,74030
DA:337,67669
DA:338,0
DA:340,67669
DA:342,67669
DA:343,4
DA:345,67665
DA:346,4
DA:348,67661
DA:349,6361
DA:350,6349
DA:352,12
DA:355,74010
DA:357,73994
LF:96
LH:94
BRDA:62,0,0,73548
BRDA:62,0,1,490
BRDA:69,1,0,470
BRDA:69,1,1,20
BRDA:95,2,0,65690
BRDA:95,2,1,8348
BRDA:109,3,0,32915
BRDA:109,3,1,41079
BRDA:110,4,0,27484
BRDA:110,4,1,5431
BRDA:124,5,0,41175
BRDA:124,5,1,2030
BRDA:125,6,0,41175
BRDA:125,6,1,41171
BRDA:125,6,2,41139
BRDA:137,7,0,7000
BRDA:137,7,1,246
BRDA:151,8,0,120
BRDA:151,8,1,2400
BRDA:154,9,0,328
BRDA:154,9,1,2072
BRDA:169,10,0,6308
BRDA:169,10,1,4
BRDA:188,11,0,37079
BRDA:188,11,1,39053
BRDA:196,12,0,2548
BRDA:196,12,1,36505
BRDA:196,13,0,39053
BRDA:196,13,1,37023
BRDA:212,14,0,72176
BRDA:212,14,1,1640
BRDA:212,15,0,73816
BRDA:212,15,1,1640
BRDA:218,16,0,2252
BRDA:218,16,1,2028
BRDA:251,17,0,73930
BRDA:251,17,1,65586
BRDA:251,17,2,8344
BRDA:258,18,0,67601
BRDA:258,18,1,6329
BRDA:262,19,0,68139
BRDA:262,19,1,5791
BRDA:267,20,0,34655
BRDA:267,20,1,39275
BRDA:271,21,0,1500
BRDA:271,21,1,72430
BRDA:271,22,0,73930
BRDA:271,22,1,73930
BRDA:285,23,0,1656
BRDA:285,23,1,72354
BRDA:285,24,0,74010
BRDA:285,24,1,1656
BRDA:287,25,0,2036
BRDA:287,25,1,232
BRDA:290,26,0,0
BRDA:290,26,1,2036
BRDA:294,27,0,4
BRDA:294,27,1,2032
BRDA:298,28,0,4
BRDA:298,28,1,2028
BRDA:301,29,0,4
BRDA:301,29,1,228
BRDA:305,30,0,4
BRDA:305,30,1,2252
BRDA:336,31,0,67669
BRDA:336,31,1,6361
BRDA:337,32,0,0
BRDA:337,32,1,67669
BRDA:342,33,0,4
BRDA:342,33,1,67665
BRDA:345,34,0,4
BRDA:345,34,1,67661
BRDA:345,35,0,67665
BRDA:345,35,1,67665
BRDA:349,36,0,6349
BRDA:349,36,1,12
BRDA:364,37,0,114
BRDA:364,37,1,73880
BRDA:365,38,0,114
BRDA:365,38,1,73816
BRF:80
BRH:78
end_of_record
TN:
SF:lib/linter/rule-fixer.js
FN:24,insertTextAt
FN:48,(anonymous_1)
FN:60,(anonymous_2)
FN:71,(anonymous_3)
FN:83,(anonymous_4)
FN:94,(anonymous_5)
FN:106,(anonymous_6)
FN:119,(anonymous_7)
FN:130,(anonymous_8)
FNF:9
FNH:9
FNDA:10814,insertTextAt
FNDA:5517,(anonymous_1)
FNDA:5836,(anonymous_2)
FNDA:4442,(anonymous_3)
FNDA:4978,(anonymous_4)
FNDA:8191,(anonymous_5)
FNDA:21895,(anonymous_6)
FNDA:1192,(anonymous_7)
FNDA:8302,(anonymous_8)
DA:25,10814
DA:39,115
DA:49,5517
DA:61,5836
DA:72,4442
DA:84,4978
DA:95,8191
DA:107,21895
DA:120,1192
DA:131,8302
DA:140,115
LF:11
LH:11
BRF:0
BRH:0
end_of_record
TN:
SF:lib/linter/rules.js
FN:25,normalizeRule
FN:37,(anonymous_1)
FN:47,(anonymous_2)
FN:57,(anonymous_3)
FN:71,(anonymous_4)
FNF:5
FNH:5
FNDA:117204,normalizeRule
FNDA:9021,(anonymous_1)
FNDA:117204,(anonymous_2)
FNDA:705996,(anonymous_3)
FNDA:136,(anonymous_4)
DA:13,115
DA:26,117204
DA:38,9021
DA:48,117204
DA:58,705996
DA:59,0
DA:61,705996
DA:62,277392
DA:64,428604
DA:65,428381
DA:68,223
DA:72,136
DA:74,136
DA:75,276
DA:80,115
LF:15
LH:14
BRDA:26,0,0,112748
BRDA:26,0,1,4456
BRDA:58,1,0,0
BRDA:58,1,1,705996
BRDA:61,2,0,277392
BRDA:61,2,1,428604
BRDA:64,3,0,428381
BRDA:64,3,1,223
BRF:8
BRH:7
end_of_record
TN:
SF:lib/linter/safe-emitter.js
FN:32,(anonymous_0)
FN:36,(anonymous_1)
FN:43,(anonymous_2)
FN:45,(anonymous_3)
FN:48,(anonymous_4)
FNF:5
FNH:5
FNDA:149620,(anonymous_0)
FNDA:1713642,(anonymous_1)
FNDA:3016284,(anonymous_2)
FNDA:7969321,(anonymous_3)
FNDA:149601,(anonymous_4)
DA:32,115
DA:33,149620
DA:35,149620
DA:37,1713642
DA:38,204322
DA:40,1509320
DA:44,3016284
DA:45,7969321
DA:49,149601
LF:9
LH:9
BRDA:37,0,0,204322
BRDA:37,0,1,1509320
BRDA:44,1,0,1949855
BRDA:44,1,1,1066429
BRF:4
BRH:4
end_of_record
TN:
SF:lib/linter/source-code-fixer.js
FN:26,compareMessagesByFixRange
FN:37,compareMessagesByLocation
FN:49,SourceCodeFixer
FN:61,(anonymous_3)
FN:86,attemptFix
FN:109,(anonymous_5)
FNF:6
FNH:6
FNDA:8646,compareMessagesByFixRange
FNDA:1188,compareMessagesByLocation
FNDA:4,SourceCodeFixer
FNDA:36064,(anonymous_3)
FNDA:35836,attemptFix
FNDA:39586,(anonymous_5)
DA:11,115
DA:17,115
DA:27,8646
DA:38,1188
DA:50,4
DA:61,115
DA:62,36064
DA:64,36064
DA:65,1842
DA:66,1842
DA:74,34222
DA:75,34222
DA:76,34222
DA:77,34222
DA:78,34222
DA:79,34222
DA:87,35836
DA:88,35836
DA:89,35836
DA:92,35836
DA:93,390
DA:94,390
DA:98,35446
DA:99,52
DA:103,35446
DA:104,35446
DA:105,35446
DA:106,35446
DA:109,34222
DA:110,39586
DA:111,35942
DA:113,3644
DA:117,34222
DA:118,27376
DA:119,27376
DA:121,27376
DA:122,35942
DA:123,35836
DA:129,35836
DA:131,106
DA:134,27376
DA:136,27376
DA:143,6846
DA:144,6846
DA:152,115
LF:45
LH:45
BRDA:27,0,0,8646
BRDA:27,0,1,178
BRDA:38,1,0,1188
BRDA:38,1,1,914
BRDA:64,2,0,1842
BRDA:64,2,1,34222
BRDA:76,3,0,108
BRDA:76,3,1,34114
BRDA:77,4,0,108
BRDA:77,4,1,34114
BRDA:92,5,0,390
BRDA:92,5,1,35446
BRDA:92,6,0,35836
BRDA:92,6,1,35454
BRDA:98,7,0,52
BRDA:98,7,1,35394
BRDA:98,8,0,35446
BRDA:98,8,1,24
BRDA:98,8,2,35422
BRDA:98,8,3,2612
BRDA:110,9,0,35942
BRDA:110,9,1,3644
BRDA:117,10,0,27376
BRDA:117,10,1,6846
BRDA:122,11,0,35836
BRDA:122,11,1,106
BRDA:122,12,0,35942
BRDA:122,12,1,272
BRF:28
BRH:28
end_of_record
TN:
SF:lib/linter/timing.js
FN:51,getListSize
FNF:1
FNH:1
FNDA:44,getListSize
DA:42,115
DA:44,115
DA:45,115
DA:52,44
DA:54,44
DA:55,4
DA:58,40
DA:59,8
DA:62,32
DA:64,32
LF:10
LH:10
BRDA:54,0,0,4
BRDA:54,0,1,40
BRDA:58,1,0,8
BRDA:58,1,1,32
BRDA:64,2,0,8
BRDA:64,2,1,24
BRF:6
BRH:6
end_of_record
TN:
SF:lib/linter/code-path-analysis/code-path-analyzer.js
FN:28,isCaseNode
FN:38,isPropertyDefinitionValue
FN:50,isHandledLogicalOperator
FN:61,isLogicalAssignmentOperator
FN:70,getLabel
FN:83,isForkingByTrueOrFalse
FN:115,getBooleanValueIfSimpleConstant
FN:129,isIdentifierReference
FN:181,forwardCurrentToHead
FN:238,leaveFromCurrentSegment
FN:268,preprocess
FN:399,processCodePathToEnter
FN:410,startCodePath
FN:557,processCodePathToExit
FN:682,postprocess
FN:688,endCodePath
FN:765,(anonymous_16)
FN:780,(anonymous_17)
FN:806,(anonymous_18)
FN:831,(anonymous_19)
FNF:20
FNH:20
FNDA:3570,isCaseNode
FNDA:3719570,isPropertyDefinitionValue
FNDA:34243,isHandledLogicalOperator
FNDA:59198,isLogicalAssignmentOperator
FNDA:23077,getLabel
FNDA:11638,isForkingByTrueOrFalse
FNDA:9319,getBooleanValueIfSimpleConstant
FNDA:516549,isIdentifierReference
FNDA:3415432,forwardCurrentToHead
FNDA:214118,leaveFromCurrentSegment
FNDA:1710630,preprocess
FNDA:1860111,processCodePathToEnter
FNDA:214426,startCodePath
FNDA:1859459,processCodePathToExit
FNDA:1859459,postprocess
FNDA:214118,endCodePath
FNDA:149485,(anonymous_16)
FNDA:1860111,(anonymous_17)
FNDA:1859459,(anonymous_18)
FNDA:28346,(anonymous_19)
DA:12,115
DA:13,115
DA:14,115
DA:15,115
DA:16,115
DA:17,115
DA:29,3570
DA:39,3719570
DA:41,3719570
DA:51,34243
DA:62,59198
DA:71,23077
DA:72,588
DA:74,22489
DA:84,11638
DA:86,11638
DA:92,4239
DA:95,2053
DA:98,404
DA:101,4942
DA:116,9319
DA:117,1123
DA:119,8196
DA:130,516549
DA:132,516549
DA:142,13098
DA:150,124674
DA:155,67189
DA:162,2180
DA:165,309408
DA:182,3415432
DA:183,3415432
DA:184,3415432
DA:185,3415432
DA:186,3415432
DA:190,3415432
DA:191,3417016
DA:192,3417016
DA:194,3417016
DA:195,183644
DA:197,183644
DA:198,168659
DA:208,3415432
DA:211,3415432
DA:212,3417016
DA:213,3417016
DA:215,3417016
DA:216,398070
DA:218,398070
DA:219,398070
DA:220,369150
DA:239,214118
DA:240,214118
DA:242,214118
DA:243,214118
DA:245,214118
DA:246,214118
DA:247,200183
DA:255,214118
DA:269,1710630
DA:270,1710630
DA:271,1710630
DA:273,1710630
DA:277,154403
DA:278,216
DA:280,154403
DA:282,146618
DA:283,2192
DA:285,146618
DA:288,21460
DA:292,10714
DA:294,21460
DA:297,39196
DA:301,924
DA:303,39196
DA:313,57472
DA:314,23871
DA:315,33601
DA:316,9730
DA:318,57472
DA:321,11683
DA:322,5609
DA:324,11683
DA:327,4498
DA:328,1773
DA:329,2725
DA:330,604
DA:332,4498
DA:335,6874
DA:336,3437
DA:338,3437
DA:339,3437
DA:341,6874
DA:344,3844
DA:345,1922
DA:347,1922
DA:348,1922
DA:350,3844
DA:353,20747
DA:354,3960
DA:355,16787
DA:356,3725
DA:357,13062
DA:358,8313
DA:360,20747
DA:364,16653
DA:365,5551
DA:366,11102
DA:367,5551
DA:369,5551
DA:370,5551
DA:372,16653
DA:381,4224
DA:382,2112
DA:383,2112
DA:384,2112
DA:386,4224
DA:389,1222958
DA:400,1860111
DA:401,1860111
DA:402,1860111
DA:411,214426
DA:414,64945
DA:415,64945
DA:419,214426
DA:425,214426
DA:428,214426
DA:429,214426
DA:437,1860111
DA:438,1704
DA:453,1860111
DA:455,149481
DA:456,149481
DA:461,60233
DA:462,60233
DA:465,3008
DA:466,3008
DA:469,2416
DA:470,2416
DA:472,79453
DA:473,432
DA:475,79453
DA:477,73309
DA:478,2192
DA:480,73309
DA:483,10730
DA:484,10714
DA:489,10730
DA:492,19598
DA:493,924
DA:498,19598
DA:502,23887
DA:503,23887
DA:506,3854
DA:510,3854
DA:513,2121
DA:514,2121
DA:523,6567
DA:524,3065
DA:526,6567
DA:533,19223
DA:534,19223
DA:537,864
DA:538,276
DA:540,864
DA:543,1405367
DA:547,1860111
DA:548,1860111
DA:559,1859459
DA:560,1859459
DA:561,1859459
DA:563,1859459
DA:565,2416
DA:566,2416
DA:570,23871
DA:571,23871
DA:574,10730
DA:575,10714
DA:577,10730
DA:580,19598
DA:581,924
DA:583,19598
DA:586,3854
DA:587,3854
DA:596,6567
DA:597,958
DA:599,6567
DA:600,2578
DA:602,6567
DA:605,2121
DA:606,2121
DA:609,6683
DA:610,6683
DA:611,6683
DA:612,6683
DA:615,1223
DA:616,1223
DA:617,1223
DA:618,1223
DA:621,16380
DA:622,16380
DA:623,16380
DA:624,16380
DA:627,1580
DA:628,1580
DA:629,1580
DA:630,1580
DA:633,516549
DA:634,366505
DA:635,366505
DA:637,516549
DA:644,160615
DA:645,160615
DA:652,19223
DA:653,19223
DA:656,2112
DA:657,2112
DA:660,864
DA:661,276
DA:663,864
DA:666,1065073
DA:670,1859459
DA:671,1464510
DA:673,1859459
DA:689,214118
DA:692,214118
DA:695,214118
DA:698,214118
DA:699,214118
DA:700,214118
DA:702,214118
DA:703,214118
DA:704,64929
DA:709,1859459
DA:715,212414
DA:716,212414
DA:721,79429
DA:722,216
DA:724,79429
DA:727,1567616
DA:747,1859459
DA:748,1704
DA:766,149485
DA:767,149485
DA:768,149485
DA:769,149485
DA:770,149485
DA:771,149485
DA:781,1860111
DA:784,1860111
DA:785,1710630
DA:792,1860111
DA:795,1860111
DA:797,1859819
DA:807,1859459
DA:813,1859459
DA:816,1859459
DA:819,1859459
DA:821,1859459
DA:832,28346
DA:833,23099
DA:834,23099
DA:844,115
LF:263
LH:263
BRDA:41,0,0,3719570
BRDA:41,0,1,3420900
BRDA:41,0,2,10680
BRDA:51,1,0,34243
BRDA:51,1,1,17144
BRDA:51,1,2,2236
BRDA:62,2,0,59198
BRDA:62,2,1,58122
BRDA:62,2,2,56966
BRDA:71,3,0,588
BRDA:71,3,1,22489
BRDA:86,4,0,340
BRDA:86,4,1,3416
BRDA:86,4,2,3775
BRDA:86,4,3,4083
BRDA:86,4,4,4239
BRDA:86,4,5,2053
BRDA:86,4,6,404
BRDA:86,4,7,4942
BRDA:116,5,0,1123
BRDA:116,5,1,8196
BRDA:132,6,0,864
BRDA:132,6,1,1316
BRDA:132,6,2,1468
BRDA:132,6,3,4448
BRDA:132,6,4,4976
BRDA:132,6,5,9704
BRDA:132,6,6,10792
BRDA:132,6,7,11432
BRDA:132,6,8,13098
BRDA:132,6,9,24487
BRDA:132,6,10,36142
BRDA:132,6,11,44656
BRDA:132,6,12,56424
BRDA:132,6,13,56688
BRDA:132,6,14,124674
BRDA:132,6,15,55757
BRDA:132,6,16,58569
BRDA:132,6,17,67189
BRDA:132,6,18,2180
BRDA:132,6,19,309408
BRDA:156,7,0,67189
BRDA:156,7,1,53133
BRDA:156,7,2,50177
BRDA:194,8,0,183644
BRDA:194,8,1,3233372
BRDA:194,9,0,3417016
[...]
BRDA:145,15,0,53068
BRDA:145,15,1,166956
BRDA:150,16,0,48
BRDA:150,16,1,0
BRDA:168,17,0,110132
BRDA:172,18,0,108176
BRDA:172,18,1,1956
BRDA:177,19,0,2000
BRDA:177,19,1,2000
BRDA:177,19,2,16
BRDA:179,20,0,16
BRDA:179,20,1,1984
BRDA:197,21,0,0
BRDA:199,22,0,92
BRDA:199,22,1,110060
BRDA:204,23,0,220040
BRDA:204,23,1,109992
BRDA:204,23,2,109992
BRDA:216,24,0,0
BRDA:217,25,0,109196
BRDA:217,25,1,920
BRDA:240,26,0,0
BRDA:240,26,1,0
BRDA:240,27,0,0
BRDA:240,27,1,0
BRDA:252,28,0,12
BRDA:252,28,1,68
BRDA:253,29,0,4
BRDA:253,29,1,8
BRDA:257,30,0,52
BRDA:257,30,1,16
BRDA:259,31,0,0
BRDA:259,31,1,52
BRDA:265,32,0,16
BRDA:265,32,1,0
BRDA:278,33,0,0
BRDA:279,34,0,110188
BRDA:279,34,1,4
BRDA:281,35,0,64
BRDA:281,35,1,110124
BRDA:285,36,0,0
BRDA:285,36,1,110124
BRDA:304,37,0,110100
BRDA:304,37,1,110068
BRDA:325,38,0,0
BRDA:325,38,1,0
BRF:77
BRH:63
end_of_record
TN:
SF:lib/shared/deprecation-warnings.js
FN:40,emitDeprecationWarning
FNF:1
FNH:0
FNDA:0,emitDeprecationWarning
DA:11,31
DA:18,31
DA:30,31
DA:41,0
DA:43,0
DA:44,0
DA:47,0
DA:49,0
DA:50,0
DA:52,0
DA:63,31
LF:11
LH:4
BRDA:43,0,0,0
BRDA:43,0,1,0
BRF:2
BRH:0
end_of_record
TN:
SF:lib/shared/logging.js
FNF:0
FNH:0
LF:0
LH:0
BRF:0
BRH:0
end_of_record
TN:
SF:lib/shared/runtime-info.js
FN:26,environment
FN:35,isChildOfDirectory
FN:46,execCommand
FN:70,normalizeVersionStr
FN:80,getBinVersion
FN:98,getNpmPackageVersion
FN:156,version
FNF:7
FNH:7
FNDA:32,environment
FNDA:28,isChildOfDirectory
FNDA:144,execCommand
FNDA:88,normalizeVersionStr
FNDA:64,getBinVersion
FNDA:48,getNpmPackageVersion
FNDA:4,version
DA:12,111
DA:13,111
DA:14,111
DA:15,111
DA:16,111
DA:27,32
DA:36,28
DA:47,144
DA:49,144
DA:50,8
DA:53,136
DA:55,136
DA:56,8
DA:59,128
DA:61,128
DA:62,128
DA:71,88
DA:81,64
DA:83,64
DA:84,64
DA:86,4
DA:87,4
DA:99,48
DA:100,48
DA:102,48
DA:103,20
DA:106,48
DA:107,48
DA:113,40
DA:114,8
DA:117,32
DA:120,32
DA:121,32
DA:123,4
DA:124,4
DA:127,28
DA:128,28
DA:130,28
DA:131,20
DA:134,28
DA:136,12
DA:137,12
DA:141,32
DA:157,4
DA:164,111
LF:45
LH:45
BRDA:49,0,0,8
BRDA:49,0,1,136
BRDA:55,1,0,8
BRDA:55,1,1,128
BRDA:71,2,0,32
BRDA:71,2,1,56
BRDA:98,3,0,0
BRDA:98,4,0,0
BRDA:102,5,0,20
BRDA:102,5,1,28
BRDA:113,6,0,8
BRDA:113,6,1,32
BRDA:113,7,0,40
BRDA:113,7,1,36
BRDA:113,8,0,36
BRDA:113,8,1,32
BRDA:130,9,0,20
BRDA:130,9,1,8
BRDA:130,10,0,28
BRDA:130,10,1,12
BRDA:130,10,2,20
BRDA:130,10,3,16
BRF:22
BRH:20
end_of_record
TN:
SF:lib/shared/string-utils.js
FN:13,upperCaseFirst
FNF:1
FNH:1
FNDA:1777,upperCaseFirst
DA:14,1777
DA:15,12
DA:17,1765
DA:20,27
LF:4
LH:4
BRDA:14,0,0,12
BRDA:14,0,1,1765
BRF:2
BRH:2
end_of_record
TN:
SF:lib/shared/traverser.js
FN:23,noop
FN:33,isNode
FN:43,getVisitorKeys
FN:58,(anonymous_3)
FN:72,(anonymous_4)
FN:80,(anonymous_5)
FN:88,(anonymous_6)
FN:96,(anonymous_7)
FN:109,(anonymous_8)
FN:127,(anonymous_9)
FN:169,(anonymous_10)
FN:182,(anonymous_11)
FN:190,(anonymous_12)
FNF:13
FNH:11
FNDA:1279068,noop
FNDA:3568046,isNode
FNDA:3204860,getVisitorKeys
FNDA:294275,(anonymous_3)
FNDA:0,(anonymous_4)
FNDA:0,(anonymous_5)
FNDA:8333,(anonymous_6)
FNDA:161282,(anonymous_7)
FNDA:294275,(anonymous_8)
FNDA:3568046,(anonymous_9)
FNDA:284,(anonymous_10)
FNDA:294267,(anonymous_11)
FNDA:2424,(anonymous_12)
DA:12,115
DA:13,115
DA:34,3568046
DA:44,3204860
DA:46,3204860
DA:47,656
DA:48,656
DA:51,3204860
DA:59,294275
DA:60,294275
DA:61,294275
DA:62,294275
DA:63,294275
DA:64,294275
DA:65,294275
DA:73,0
DA:81,0
DA:89,8333
DA:97,161282
DA:110,294275
DA:111,294275
DA:112,294275
DA:113,294275
DA:114,294275
DA:115,294275
DA:116,294275
DA:117,294275
DA:128,3568046
DA:129,201673
DA:132,3366373
DA:133,3366373
DA:134,3366373
DA:136,3366373
DA:137,3204860
DA:139,3204860
DA:140,1873158
DA:141,1873158
DA:142,2973547
DA:144,2973547
DA:145,1016910
DA:146,1317134
DA:149,1956637
DA:152,1873158
DA:156,3366373
DA:157,3339185
DA:160,3366373
DA:170,284
DA:183,294267
DA:191,2424
DA:195,115
LF:50
LH:48
BRDA:34,0,0,3568046
BRDA:34,0,1,3369313
BRDA:34,0,2,3367017
BRDA:46,1,0,656
BRDA:46,1,1,3204204
BRDA:114,2,0,294275
BRDA:114,2,1,134796
BRDA:115,3,0,294275
BRDA:115,3,1,0
BRDA:116,4,0,294275
BRDA:116,4,1,135957
BRDA:128,5,0,201673
BRDA:128,5,1,3366373
BRDA:136,6,0,3204860
BRDA:136,6,1,161513
BRDA:136,7,0,3366373
BRDA:136,7,1,3205091
BRDA:139,8,0,1873158
BRDA:139,8,1,1331702
BRDA:141,9,0,4846705
BRDA:141,9,1,2975604
BRDA:144,10,0,1016910
BRDA:144,10,1,1956637
BRDA:145,11,0,2334044
BRDA:145,11,1,1321734
BRDA:156,12,0,3339185
BRDA:156,12,1,27188
BRF:27
BRH:26
end_of_record
TN:
SF:lib/source-code/index.js
FNF:0
FNH:0
DA:3,115
LF:1
LH:1
BRF:0
BRH:0
end_of_record
TN:
SF:lib/source-code/source-code.js
FN:28,validate
FN:52,looksLikeExport
FN:64,sortedMerge
FN:87,nodesOrTokensOverlap
FN:104,isSpaceBetween
FN:160,(anonymous_5)
FN:265,(anonymous_6)
FN:277,(anonymous_7)
FN:290,(anonymous_8)
FN:299,(anonymous_9)
FN:311,(anonymous_10)
FN:386,(anonymous_11)
FN:395,(anonymous_12)
FN:455,(anonymous_13)
FN:460,(anonymous_14)
FN:467,(anonymous_15)
FN:487,(anonymous_16)
FN:504,(anonymous_17)
FN:515,(anonymous_18)
FN:541,(anonymous_19)
FN:557,(anonymous_20)
FNF:21
FNH:20
FNDA:151904,validate
FNDA:924,looksLikeExport
FNDA:151888,sortedMerge
FNDA:258225,nodesOrTokensOverlap
FNDA:258225,isSpaceBetween
FNDA:151904,(anonymous_5)
FNDA:0,(anonymous_6)
FNDA:161117,(anonymous_7)
FNDA:311,(anonymous_8)
FNDA:11305,(anonymous_9)
FNDA:828,(anonymous_10)
FNDA:2376,(anonymous_11)
FNDA:2376,(anonymous_12)
FNDA:8726,(anonymous_13)
FNDA:196099,(anonymous_14)
FNDA:169384,(anonymous_15)
FNDA:4898,(anonymous_16)
FNDA:253327,(anonymous_17)
FNDA:1308,(anonymous_18)
FNDA:2204,(anonymous_19)
FNDA:962,(anonymous_20)
DA:12,115
DA:13,115
DA:14,115
DA:15,115
DA:29,151904
DA:30,4
DA:33,151900
DA:34,4
DA:37,151896
DA:38,4
DA:41,151892
DA:42,4
DA:53,924
DA:65,151888
DA:66,151888
DA:67,151888
DA:69,151888
DA:70,2577778
DA:71,2535991
DA:73,41787
DA:77,151888
DA:88,258225
DA:105,258225
DA:106,175052
DA:109,83173
DA:112,83173
DA:113,83173
DA:114,83173
DA:116,83173
DA:117,103569
DA:119,103569
DA:133,64145
DA:136,39424
DA:139,19028
DA:164,151904
DA:165,2432
DA:166,2432
DA:167,149472
DA:168,149472
DA:169,149472
DA:170,149472
DA:171,149472
DA:172,149472
DA:175,151904
DA:176,151888
DA:182,151888
DA:189,151888
DA:195,151888
DA:201,151888
DA:207,151888
DA:213,151888
DA:216,151888
DA:217,151888
DA:219,151888
DA:220,263
DA:223,151888
DA:230,151888
DA:231,151888
DA:233,151888
DA:245,151888
DA:246,429952
DA:247,429952
DA:249,151888
DA:252,151888
DA:255,151888
DA:256,151888
DA:266,0
DA:278,161117
DA:279,137925
DA:282,23192
DA:291,311
DA:300,11305
DA:312,828
DA:313,0
DA:316,828
DA:325,828
DA:326,124
DA:327,8
DA:335,704
DA:340,48
DA:351,704
DA:353,704
DA:354,160
DA:355,24
DA:357,136
DA:358,136
DA:361,704
DA:363,704
DA:365,704
DA:366,128
DA:367,28
DA:369,100
DA:370,100
DA:374,828
DA:375,828
DA:395,2376
DA:396,2376
DA:398,2376
DA:405,1136
DA:408,1240
DA:410,2376
DA:412,2376
DA:415,924
DA:418,12
DA:422,1440
DA:423,1056
DA:429,1180
DA:431,1180
DA:432,132
DA:436,1056
DA:437,896
DA:441,544
DA:445,0
DA:456,8726
DA:458,8726
DA:461,196099
DA:462,34817
DA:464,161282
DA:468,169384
DA:469,8102
DA:474,8726
DA:488,4898
DA:505,253327
DA:516,1308
DA:517,4
DA:520,1304
DA:521,4
DA:531,1300
DA:532,8
DA:539,1292
DA:541,2204
DA:543,1292
DA:558,962
DA:559,8
DA:562,954
DA:563,4
DA:566,950
DA:567,8
DA:570,942
DA:571,942
DA:572,942
DA:582,942
DA:586,12
DA:589,930
DA:593,115
LF:145
LH:142
BRDA:29,0,0,4
BRDA:29,0,1,151900
BRDA:33,1,0,4
BRDA:33,1,1,151896
BRDA:37,2,0,4
BRDA:37,2,1,151892
BRDA:41,3,0,4
BRDA:41,3,1,151888
BRDA:53,4,0,924
BRDA:53,4,1,908
BRDA:53,4,2,888
BRDA:53,4,3,888
BRDA:69,5,0,2729666
BRDA:69,5,1,164737
BRDA:70,6,0,2535991
BRDA:70,6,1,41787
BRDA:70,7,0,2577778
BRDA:70,7,1,989321
BRDA:70,7,2,976472
BRDA:88,8,0,258225
BRDA:88,8,1,257265
BRDA:88,8,2,83213
BRDA:88,8,3,960
BRDA:105,9,0,175052
BRDA:105,9,1,83173
BRDA:109,10,0,82253
BRDA:109,10,1,920
BRDA:112,11,0,83173
BRDA:112,11,1,316
BRDA:113,12,0,83173
BRDA:113,12,1,416
BRDA:119,13,0,64145
BRDA:119,13,1,39424
BRDA:120,14,0,103569
BRDA:120,14,1,39448
BRDA:120,14,2,38536
BRDA:120,14,3,19668
BRDA:120,14,4,32
BRDA:164,15,0,2432
BRDA:164,15,1,149472
BRDA:167,16,0,149472
BRDA:167,16,1,0
BRDA:167,17,0,149472
BRDA:167,17,1,149472
BRDA:189,18,0,68
BRDA:189,18,1,151820
BRDA:201,19,0,151888
BRDA:201,19,1,2416
BRDA:207,20,0,151888
BRDA:207,20,1,2416
BRDA:213,21,0,151888
BRDA:213,21,1,2416
BRDA:217,22,0,151888
BRDA:217,22,1,263
BRDA:217,22,2,263
BRDA:219,23,0,263
BRDA:219,23,1,151625
BRDA:278,24,0,137925
BRDA:278,24,1,23192
BRDA:279,25,0,137925
BRDA:279,25,1,125105
BRDA:280,26,0,137925
BRDA:280,26,1,137901
BRDA:312,27,0,0
BRDA:312,27,1,828
BRDA:325,28,0,124
BRDA:325,28,1,704
BRDA:326,29,0,8
BRDA:326,29,1,116
BRDA:335,30,0,48
BRDA:335,30,1,656
BRDA:335,31,0,704
BRDA:335,31,1,640
BRDA:335,31,2,76
BRDA:335,31,3,676
BRDA:335,31,4,12
BRDA:335,31,5,668
BRDA:335,31,6,4
BRDA:335,31,7,664
BRDA:335,31,8,28
BRDA:353,32,0,840
BRDA:353,32,1,712
BRDA:354,33,0,24
BRDA:354,33,1,136
BRDA:354,34,0,160
BRDA:354,34,1,160
BRDA:354,34,2,112
BRDA:365,35,0,804
BRDA:365,35,1,640
BRDA:366,36,0,28
BRDA:366,36,1,100
BRDA:366,37,0,128
BRDA:366,37,1,128
BRDA:366,37,2,92
BRDA:398,38,0,1136
BRDA:398,38,1,1240
BRDA:399,39,0,2376
BRDA:399,39,1,2340
BRDA:399,39,2,1424
BRDA:399,39,3,1420
BRDA:399,39,4,1140
BRDA:412,40,0,64
BRDA:412,40,1,924
BRDA:412,40,2,12
BRDA:412,40,3,76
BRDA:412,40,4,1440
BRDA:412,40,5,0
BRDA:415,41,0,36
BRDA:415,41,1,888
BRDA:422,42,0,1056
BRDA:422,42,1,384
BRDA:422,43,0,1440
BRDA:422,43,1,1064
BRDA:424,44,0,2104
BRDA:424,44,1,1496
BRDA:424,44,2,1340
BRDA:424,44,3,1268
BRDA:431,45,0,132
BRDA:431,45,1,1048
BRDA:436,46,0,896
BRDA:436,46,1,160
BRDA:436,47,0,1056
BRDA:436,47,1,924
BRDA:436,47,2,896
BRDA:461,48,0,34817
BRDA:461,48,1,161282
BRDA:461,49,0,196099
BRDA:461,49,1,156543
BRDA:468,50,0,8102
BRDA:468,50,1,161282
BRDA:516,51,0,4
BRDA:516,51,1,1304
BRDA:520,52,0,4
BRDA:520,52,1,1300
BRDA:520,53,0,1304
BRDA:520,53,1,1304
BRDA:531,54,0,8
BRDA:531,54,1,1292
BRDA:539,55,0,812
BRDA:539,55,1,480
BRDA:558,56,0,8
BRDA:558,56,1,954
BRDA:558,57,0,962
BRDA:558,57,1,958
BRDA:558,57,2,954
BRDA:562,58,0,4
BRDA:562,58,1,950
BRDA:566,59,0,8
BRDA:566,59,1,942
BRDA:571,60,0,96
BRDA:571,60,1,846
BRDA:582,61,0,12
BRDA:582,61,1,930
BRDA:583,62,0,942
BRDA:583,62,1,96
BRDA:583,62,2,938
BRDA:583,62,3,846
BRF:157
BRH:154
end_of_record
TN:
SF:lib/source-code/token-store/backward-token-comment-cursor.js
FN:31,(anonymous_0)
FN:41,(anonymous_1)
FNF:2
FNH:2
FNDA:5273265,(anonymous_0)
FNDA:5982327,(anonymous_1)
DA:11,115
DA:12,115
DA:21,115
DA:32,5273265
DA:33,5273265
DA:34,5273265
DA:35,5273265
DA:36,5273265
DA:37,5273265
DA:42,5982327
DA:43,5982327
DA:45,5982327
DA:46,5833398
DA:47,5833398
DA:48,148929
DA:49,143959
DA:50,143959
DA:52,4970
DA:55,5982327
LF:19
LH:19
BRDA:42,0,0,5971199
BRDA:42,0,1,11128
BRDA:43,1,0,5957864
BRDA:43,1,1,24463
BRDA:45,2,0,5833398
BRDA:45,2,1,148929
BRDA:45,3,0,5982327
BRDA:45,3,1,5971199
BRDA:45,3,2,5951706
BRDA:48,4,0,143959
BRDA:48,4,1,4970
BRDA:55,5,0,5982327
BRDA:55,5,1,5977357
BRDA:55,5,2,172
BRF:14
BRH:14
end_of_record
TN:
SF:lib/source-code/token-store/backward-token-cursor.js
FN:31,(anonymous_0)
FN:39,(anonymous_1)
FN:55,(anonymous_2)
FNF:3
FNH:3
FNDA:1002284,(anonymous_0)
FNDA:218103,(anonymous_1)
FNDA:860713,(anonymous_2)
DA:11,115
DA:12,115
DA:21,115
DA:32,1002284
DA:33,1002284
DA:34,1002284
DA:35,1002284
DA:40,218103
DA:41,218035
DA:42,218035
DA:43,218035
DA:45,68
DA:56,860713
LF:13
LH:13
BRDA:40,0,0,218035
BRDA:40,0,1,68
BRDA:56,1,0,848901
BRDA:56,1,1,11812
BRF:4
BRH:4
end_of_record
TN:
SF:lib/source-code/token-store/cursor.js
FN:39,(anonymous_0)
FN:48,(anonymous_1)
FN:57,(anonymous_2)
FNF:3
FNH:3
FNDA:8826955,(anonymous_0)
FNDA:5131554,(anonymous_1)
FNDA:729053,(anonymous_2)
DA:34,115
DA:40,8826955
DA:49,5131554
DA:58,729053
DA:60,729053
DA:61,1402692
DA:64,729053
LF:7
LH:7
BRDA:49,0,0,5124840
BRDA:49,0,1,6714
BRF:2
BRH:2
end_of_record
TN:
SF:lib/source-code/token-store/cursors.js
FN:34,(anonymous_0)
FN:49,(anonymous_1)
FN:68,(anonymous_2)
FNF:3
FNH:3
FNDA:230,(anonymous_0)
FNDA:7727399,(anonymous_1)
FNDA:7727109,(anonymous_2)
DA:11,115
DA:12,115
DA:13,115
DA:14,115
DA:15,115
DA:16,115
DA:17,115
DA:35,230
DA:36,230
DA:50,7727399
DA:52,7727399
DA:69,7727109
DA:71,7727109
DA:72,326510
DA:74,7727109
DA:75,62388
DA:77,7727109
DA:78,697554
DA:81,7727109
DA:89,115
DA:90,115
LF:21
LH:21
BRDA:50,0,0,5451194
BRDA:50,0,1,2276205
BRDA:71,1,0,326510
BRDA:71,1,1,7400599
BRDA:74,2,0,62388
BRDA:74,2,1,7664721
BRDA:77,3,0,697554
BRDA:77,3,1,7029555
BRF:8
BRH:8
end_of_record
TN:
SF:lib/source-code/token-store/decorative-cursor.js
FN:26,(anonymous_0)
FN:32,(anonymous_1)
FNF:2
FNH:2
FNDA:1086452,(anonymous_0)
FNDA:1947656,(anonymous_1)
DA:11,115
DA:20,115
DA:27,1086452
DA:28,1086452
DA:33,1947656
DA:35,1947656
DA:37,1947656
LF:7
LH:7
BRF:0
BRH:0
end_of_record
TN:
SF:lib/source-code/token-store/filter-cursor.js
FN:27,(anonymous_0)
FN:33,(anonymous_1)
FNF:2
FNH:2
FNDA:326510,(anonymous_0)
FNDA:327932,(anonymous_1)
DA:11,115
DA:20,115
DA:28,326510
DA:29,326510
DA:34,327932
DA:36,327932
DA:37,393059
DA:38,295933
DA:41,31999
LF:9
LH:9
BRDA:37,0,0,295933
BRDA:37,0,1,97126
BRF:2
BRH:2
end_of_record
TN:
SF:lib/source-code/token-store/forward-token-comment-cursor.js
FN:31,(anonymous_0)
FN:41,(anonymous_1)
FNF:2
FNH:2
FNDA:177929,(anonymous_0)
FNDA:220006,(anonymous_1)
DA:11,115
DA:12,115
DA:21,115
DA:32,177929
DA:33,177929
DA:34,177929
DA:35,177929
DA:36,177929
DA:37,177929
DA:42,220006
DA:43,220006
DA:45,220006
DA:46,199657
DA:47,199657
DA:48,20349
DA:49,17917
DA:50,17917
DA:52,2432
DA:55,220006
LF:19
LH:19
BRDA:42,0,0,217294
BRDA:42,0,1,2712
BRDA:43,1,0,141379
BRDA:43,1,1,78627
BRDA:45,2,0,199657
BRDA:45,2,1,20349
BRDA:45,3,0,220006
BRDA:45,3,1,217294
BRDA:45,3,2,141099
BRDA:48,4,0,17917
BRDA:48,4,1,2432
BRDA:55,5,0,220006
BRDA:55,5,1,217574
BRDA:55,5,2,49458
BRF:14
BRH:14
end_of_record
TN:
SF:lib/source-code/token-store/forward-token-cursor.js
FN:31,(anonymous_0)
FN:39,(anonymous_1)
FN:55,(anonymous_2)
FN:60,(anonymous_3)
FNF:4
FNH:4
FNDA:1287025,(anonymous_0)
FNDA:305323,(anonymous_1)
FNDA:1026511,(anonymous_2)
FNDA:13112,(anonymous_3)
DA:11,115
DA:12,115
DA:21,115
DA:32,1287025
DA:33,1287025
DA:34,1287025
DA:35,1287025
DA:40,305323
DA:41,281549
DA:42,281549
DA:43,281549
DA:45,23774
DA:56,1026511
DA:61,13112
LF:14
LH:14
BRDA:40,0,0,281549
BRDA:40,0,1,23774
BRDA:56,1,0,1017318
BRDA:56,1,1,9193
BRF:4
BRH:4
end_of_record
TN:
SF:lib/source-code/token-store/index.js
FN:36,createIndexMap
FN:77,createCursorWithSkip
FN:112,createCursorWithCount
FN:162,createCursorWithPadding
FN:178,getAdjacentCommentTokensFromCursor
FN:212,(anonymous_5)
FN:229,(anonymous_6)
FN:255,(anonymous_7)
FN:273,(anonymous_8)
FN:291,(anonymous_9)
FN:309,(anonymous_10)
FN:328,(anonymous_11)
FN:347,(anonymous_12)
FN:368,(anonymous_13)
FN:381,(anonymous_14)
FN:398,(anonymous_15)
FN:416,(anonymous_16)
FN:434,(anonymous_17)
FN:452,(anonymous_18)
FN:471,(anonymous_19)
FN:490,(anonymous_20)
FN:518,(anonymous_21)
FN:547,(anonymous_22)
FN:569,(anonymous_23)
FN:583,(anonymous_24)
FN:602,(anonymous_25)
FN:621,(anonymous_26)
FNF:27
FNH:27
FNDA:151948,createIndexMap
FNDA:6905272,createCursorWithSkip
FNDA:821837,createCursorWithCount
FNDA:44527,createCursorWithPadding
FNDA:92776,getAdjacentCommentTokensFromCursor
FNDA:151948,(anonymous_5)
FNDA:290,(anonymous_6)
FNDA:728528,(anonymous_7)
FNDA:477965,(anonymous_8)
FNDA:5016050,(anonymous_9)
FNDA:580783,(anonymous_10)
FNDA:101906,(anonymous_11)
FNDA:40,(anonymous_12)
FNDA:12,(anonymous_13)
FNDA:12,(anonymous_14)
FNDA:6118,(anonymous_15)
FNDA:336,(anonymous_16)
FNDA:688570,(anonymous_17)
FNDA:2550,(anonymous_18)
FNDA:32,(anonymous_19)
FNDA:32,(anonymous_20)
FNDA:14363,(anonymous_21)
FNDA:30164,(anonymous_22)
FNDA:2756,(anonymous_23)
FNDA:92556,(anonymous_24)
FNDA:220,(anonymous_25)
FNDA:5561,(anonymous_26)
DA:11,115
DA:12,115
DA:13,115
DA:14,115
DA:15,115
DA:16,115
DA:22,115
DA:23,115
DA:24,115
DA:37,151948
DA:38,151948
DA:39,151948
DA:40,151948
DA:41,151948
DA:43,151948
DA:44,175693
DA:45,175693
DA:46,2536359
DA:47,2536359
DA:48,2536359
DA:51,175693
DA:52,175693
DA:53,41871
DA:54,41871
DA:55,41871
DA:59,151948
DA:78,6905272
DA:79,6905272
DA:80,6905272
DA:82,6905272
DA:83,57732
DA:84,6847540
DA:85,294335
DA:86,6553205
DA:87,4673062
DA:88,4673062
DA:89,4673062
DA:91,6905272
DA:92,6905272
DA:94,6905272
DA:113,821837
DA:114,821837
DA:115,821837
DA:116,821837
DA:118,821837
DA:119,6438
DA:120,6438
DA:121,815399
DA:122,12
DA:123,815387
DA:124,815379
DA:125,815379
DA:126,815379
DA:127,815379
DA:129,821837
DA:130,821837
DA:132,821837
DA:163,44527
DA:164,13088
DA:166,31439
DA:167,16
DA:169,31423
DA:179,92776
DA:180,92776
DA:182,92776
DA:183,20440
DA:184,20440
DA:187,92776
DA:205,115
DA:213,151948
DA:214,151948
DA:215,151948
DA:230,290
DA:231,290
DA:240,290
DA:241,278
DA:243,12
DA:256,728528
DA:274,477965
DA:292,5016050
DA:310,580783
DA:329,101906
DA:348,40
DA:369,12
DA:382,12
DA:399,6118
DA:417,336
DA:435,688570
DA:453,2550
DA:472,32
DA:491,32
DA:519,14363
DA:548,30164
DA:570,2756
DA:572,2756
DA:584,92556
DA:594,92556
DA:603,220
DA:613,220
DA:622,5561
LF:100
LH:100
BRDA:43,0,0,327641
BRDA:43,0,1,156482
BRDA:44,1,0,36720
BRDA:44,1,1,138973
BRDA:45,2,0,2712052
BRDA:45,2,1,2560994
BRDA:51,3,0,24635
BRDA:51,3,1,151058
BRDA:52,4,0,217564
BRDA:52,4,1,52677
BRDA:82,5,0,57732
BRDA:82,5,1,6847540
BRDA:84,6,0,294335
BRDA:84,6,1,6553205
BRDA:86,7,0,4673062
BRDA:86,7,1,1880143
BRDA:89,8,0,4673062
BRDA:89,8,1,4671782
BRDA:92,9,0,6905272
BRDA:92,9,1,295615
BRDA:118,10,0,6438
BRDA:118,10,1,815399
BRDA:121,11,0,12
BRDA:121,11,1,815387
BRDA:123,12,0,815379
BRDA:123,12,1,8
BRDA:127,13,0,815379
BRDA:127,13,1,784496
BRDA:130,14,0,821837
BRDA:130,14,1,30895
BRDA:132,15,0,697554
BRDA:132,15,1,124283
BRDA:163,16,0,13088
BRDA:163,16,1,31439
BRDA:163,17,0,44527
BRDA:163,17,1,13088
BRDA:166,18,0,16
BRDA:166,18,1,31423
BRDA:166,19,0,31439
BRDA:166,19,1,31423
BRDA:182,20,0,113216
BRDA:182,20,1,111944
BRDA:230,21,0,290
BRDA:230,21,1,278
BRDA:240,22,0,278
BRDA:240,22,1,12
BRDA:240,23,0,290
BRDA:240,23,1,290
BRDA:573,24,0,2756
BRDA:573,24,1,332
BRF:50
BRH:50
end_of_record
TN:
SF:lib/source-code/token-store/limit-cursor.js
FN:27,(anonymous_0)
FN:33,(anonymous_1)
FNF:2
FNH:2
FNDA:697554,(anonymous_0)
FNDA:2094876,(anonymous_1)
DA:11,115
DA:20,115
DA:28,697554
DA:29,697554
DA:34,2094876
DA:35,1397730
DA:36,1397730
DA:38,697146
LF:8
LH:8
BRDA:34,0,0,1397730
BRDA:34,0,1,697146
BRF:2
BRH:2
end_of_record
TN:
SF:lib/source-code/token-store/padded-token-cursor.js
FN:33,(anonymous_0)
FNF:1
FNH:1
FNDA:16,(anonymous_0)
DA:11,115
DA:21,115
DA:34,16
DA:35,16
DA:36,16
LF:5
LH:5
BRF:0
BRH:0
end_of_record
TN:
SF:lib/source-code/token-store/skip-cursor.js
FN:27,(anonymous_0)
FN:33,(anonymous_1)
FNF:2
FNH:2
FNDA:62388,(anonymous_0)
FNDA:62388,(anonymous_1)
DA:11,115
DA:20,115
DA:28,62388
DA:29,62388
DA:34,62388
DA:35,62488
DA:36,62488
DA:37,8
DA:40,62380
LF:9
LH:9
BRDA:36,0,0,8
BRDA:36,0,1,62480
BRF:2
BRH:2
end_of_record
TN:
SF:lib/source-code/token-store/utils.js
FN:17,getStartLocation
FN:32,search
FN:33,(anonymous_2)
FN:46,getFirstIndex
FN:74,getLastIndex
FNF:5
FNH:5
FNDA:337200851,getStartLocation
FNDA:5453950,search
FNDA:337200851,(anonymous_2)
FNDA:2467238,getFirstIndex
FNDA:7562574,getLastIndex
DA:18,337200851
DA:32,115
DA:33,337200851
DA:35,5453950
DA:46,115
DA:47,2467238
DA:48,1566957
DA:50,900281
DA:51,376306
DA:52,376306
DA:58,376306
DA:59,20619
DA:61,355687
DA:63,523975
DA:74,115
DA:75,7562574
DA:76,6559483
DA:78,1003091
DA:79,587736
DA:80,587736
DA:86,587736
DA:87,632
DA:89,587104
DA:91,415355
LF:24
LH:24
BRDA:35,0,0,145464
BRDA:35,0,1,5308486
BRDA:47,1,0,1566957
BRDA:47,1,1,900281
BRDA:50,2,0,376306
BRDA:50,2,1,523975
BRDA:52,3,0,375946
BRDA:52,3,1,360
BRDA:52,4,0,376306
BRDA:52,4,1,376306
BRDA:58,5,0,20619
BRDA:58,5,1,355687
BRDA:58,6,0,376306
BRDA:58,6,1,375946
BRDA:75,7,0,6559483
BRDA:75,7,1,1003091
BRDA:78,8,0,587736
BRDA:78,8,1,415355
BRDA:80,9,0,587724
BRDA:80,9,1,12
BRDA:80,10,0,587736
BRDA:80,10,1,587736
BRDA:86,11,0,632
BRDA:86,11,1,587104
BRDA:86,12,0,587736
BRDA:86,12,1,587724
BRF:26
BRH:26
end_of_record
